Change Component Comment : Designator=R53 Old Comment=22R New Comment=220R
Change Component Comment : Designator=R55 Old Comment=22R New Comment=220R
Change Component Comment : Designator=R57 Old Comment=22R New Comment=220R
Change Component Comment : Designator=R58 Old Comment=22R New Comment=220R
Change Component Comment : Designator=R61 Old Comment=22R New Comment=220R
Change Component Comment : Designator=R62 Old Comment=22R New Comment=220R
Added Pin To Net: NetName=11 Pin=R39-2
Added Pin To Net: NetName=11 Pin=R40-2
Added Pin To Net: NetName=10 Pin=R41-2
Added Pin To Net: NetName=10 Pin=R42-1
Added Pin To Net: NetName=7 Pin=R43-2
Added Pin To Net: NetName=7 Pin=R44-1
Added Member To Class: ClassName=Peripheral Member=Component C44 0.1uF
Added Member To Class: ClassName=Peripheral Member=Component R38 10K
Added Member To Class: ClassName=Peripheral Member=Component R41 220R
Added Member To Class: ClassName=Peripheral Member=Component R42 10K
Added Member To Class: ClassName=Peripheral Member=Component R45 1K
Added Member To Class: ClassName=Peripheral Member=Component R46 1K
Added Member To Class: ClassName=Peripheral Member=Component R48 1K
Added Member To Class: ClassName=Peripheral Member=Component U9 W25Q64
Added Member To Class: ClassName=Peripheral Member=Component U10 SHT20
