Removed Member From Class: ClassName=EP4CE6E22C8N Member=R?
Removed Member From Class: ClassName=Peripheral Member=R?
Change Component Designator: OldDesignator=LED? NewDesignator=LED2
Change Component Designator: OldDesignator=LED? NewDesignator=LED3
Change Component Designator: OldDesignator=LED? NewDesignator=LED4
Change Component Designator: OldDesignator=LED? NewDesignator=LED5
Change Component Designator: OldDesignator=R11 NewDesignator=R12
Change Component Designator: OldDesignator=R12 NewDesignator=R13
Change Component Designator: OldDesignator=R13 NewDesignator=R14
Change Component Designator: OldDesignator=R14 NewDesignator=R15
Change Component Designator: OldDesignator=R15 NewDesignator=R16
Change Component Designator: OldDesignator=R16 NewDesignator=R17
Change Component Designator: OldDesignator=R17 NewDesignator=R18
Change Component Designator: OldDesignator=R18 NewDesignator=R19
Change Component Designator: OldDesignator=R19 NewDesignator=R20
Change Component Designator: OldDesignator=R20 NewDesignator=R21
Change Component Designator: OldDesignator=R21 NewDesignator=R22
Change Component Designator: OldDesignator=R22 NewDesignator=R23
Change Component Designator: OldDesignator=R23 NewDesignator=R24
Change Component Designator: OldDesignator=R24 NewDesignator=R25
Change Component Designator: OldDesignator=R25 NewDesignator=R26
Change Component Designator: OldDesignator=R26 NewDesignator=R27
Change Component Designator: OldDesignator=R27 NewDesignator=R28
Change Component Designator: OldDesignator=R28 NewDesignator=R29
Change Component Designator: OldDesignator=R29 NewDesignator=R30
Change Component Designator: OldDesignator=R30 NewDesignator=R31
Change Component Designator: OldDesignator=R31 NewDesignator=R32
Change Component Designator: OldDesignator=R32 NewDesignator=R33
Change Component Designator: OldDesignator=R33 NewDesignator=R34
Change Component Designator: OldDesignator=R34 NewDesignator=R35
Change Component Designator: OldDesignator=R35 NewDesignator=R40
Change Component Designator: OldDesignator=R36 NewDesignator=R41
Change Component Designator: OldDesignator=R37 NewDesignator=R42
Change Component Designator: OldDesignator=R38 NewDesignator=R43
Change Component Designator: OldDesignator=R39 NewDesignator=R44
Change Component Designator: OldDesignator=R40 NewDesignator=R45
Change Component Designator: OldDesignator=R41 NewDesignator=R46
Change Component Designator: OldDesignator=R42 NewDesignator=R47
Change Component Designator: OldDesignator=R43 NewDesignator=R48
Change Component Designator: OldDesignator=R44 NewDesignator=R49
Change Component Designator: OldDesignator=R45 NewDesignator=R50
Change Component Designator: OldDesignator=R46 NewDesignator=R51
Change Component Designator: OldDesignator=R47 NewDesignator=R52
Change Component Designator: OldDesignator=R48 NewDesignator=R53
Change Component Designator: OldDesignator=R49 NewDesignator=R54
Change Component Designator: OldDesignator=R50 NewDesignator=R55
Change Component Designator: OldDesignator=R51 NewDesignator=R56
Change Component Designator: OldDesignator=R53 NewDesignator=R57
Change Component Designator: OldDesignator=R55 NewDesignator=R58
Change Component Designator: OldDesignator=R56 NewDesignator=R59
Change Component Designator: OldDesignator=R58 NewDesignator=R60
Change Component Designator: OldDesignator=R59 NewDesignator=R61
Change Component Designator: OldDesignator=R60 NewDesignator=R62
Change Component Designator: OldDesignator=R61 NewDesignator=R63
Change Component Designator: OldDesignator=R62 NewDesignator=R64
Change Component Designator: OldDesignator=R? NewDesignator=R11
Change Component Designator: OldDesignator=R? NewDesignator=R36
Change Component Designator: OldDesignator=R? NewDesignator=R37
Change Component Designator: OldDesignator=R? NewDesignator=R38
Change Component Designator: OldDesignator=R? NewDesignator=R39
Change Component Designator: OldDesignator=U13 NewDesignator=U12
Change Net Name : Old Net Name=NetLED?_1 New Net Name=NetLED5_1
Change Net Name : Old Net Name=NetR14_2 New Net Name=NetR15_2
Change Net Name : Old Net Name=NetR15_1 New Net Name=NetR16_1
Change Net Name : Old Net Name=NetR16_1 New Net Name=NetR17_1
Change Net Name : Old Net Name=NetR47_2 New Net Name=NetR52_2
Change Net Name : Old Net Name=NetR48_1 New Net Name=NetR53_1
Change Net Name : Old Net Name=NetR50_1 New Net Name=NetR55_1
Change Net Name : Old Net Name=NetR53_1 New Net Name=NetR57_1
Change Net Name : Old Net Name=NetR55_1 New Net Name=NetR58_1
Added Pin To Net: NetName=NetLED2_1 Pin=LED2-1
Added Pin To Net: NetName=NetLED2_1 Pin=R36-1
Added Net: Name=NetLED2_1
Added Pin To Net: NetName=NetLED3_1 Pin=LED3-1
Added Pin To Net: NetName=NetLED3_1 Pin=R37-1
Added Net: Name=NetLED3_1
Added Pin To Net: NetName=NetLED4_1 Pin=LED4-1
Added Pin To Net: NetName=NetLED4_1 Pin=R38-1
Added Net: Name=NetLED4_1
Added Member To Class: ClassName=Peripheral Member=Component LED2 ºìÉ«
Added Member To Class: ClassName=Peripheral Member=Component LED3 ºìÉ«
Added Member To Class: ClassName=Peripheral Member=Component LED5 ºìÉ«
Added Member To Class: ClassName=EP4CE6E22C8N Member=Component R11 10K
Added Member To Class: ClassName=Peripheral Member=Component R44 10K
Added Member To Class: ClassName=Peripheral Member=Component R46 220R
Added Member To Class: ClassName=Peripheral Member=Component R47 220R
Added Member To Class: ClassName=Peripheral Member=Component R48 220R
