Removed Pin From Net: NetName=VCC_3V3 Pin=X1-1
Removed Pin From Net: NetName=GND Pin=X1-2
Removed Pin From Net: NetName=NetR1_1 Pin=X1-3
Removed Pin From Net: NetName=VCC_3V3 Pin=X1-4
Removed Member From Class: ClassName=EP4CE6E22C8N Member=X1
Change Component Comment : Designator=X? Old Comment=80M New Comment=50MHz
Added Pin To Net: NetName=VCC_3V3 Pin=X?-1
Added Pin To Net: NetName=GND Pin=X?-2
Added Pin To Net: NetName=NetR1_1 Pin=X?-3
Added Pin To Net: NetName=VCC_3V3 Pin=X?-4
Added Member To Class: ClassName=EP4CE6E22C8N Member=Component C1 0.1uF
Added Member To Class: ClassName=EP4CE6E22C8N Member=Component C2 0.1uF
Added Member To Class: ClassName=EP4CE6E22C8N Member=Component C3 0.1uF
Added Member To Class: ClassName=EP4CE6E22C8N Member=Component C4 0.1uF
Added Member To Class: ClassName=EP4CE6E22C8N Member=Component C6 0.1uF
Added Member To Class: ClassName=EP4CE6E22C8N Member=Component C7 0.1uF
Added Member To Class: ClassName=EP4CE6E22C8N Member=Component C8 0.1uF
Added Member To Class: ClassName=EP4CE6E22C8N Member=Component C9 0.1uF
Added Member To Class: ClassName=EP4CE6E22C8N Member=Component C10 0.1uF
Added Member To Class: ClassName=EP4CE6E22C8N Member=Component C12 0.1uF
Added Member To Class: ClassName=EP4CE6E22C8N Member=Component C13 0.1uF
Added Member To Class: ClassName=EP4CE6E22C8N Member=Component C14 0.1uF
Added Member To Class: ClassName=EP4CE6E22C8N Member=Component C15 0.1uF
Added Member To Class: ClassName=EP4CE6E22C8N Member=Component C17 0.1uF
Added Member To Class: ClassName=EP4CE6E22C8N Member=Component C18 0.1uF
Added Member To Class: ClassName=EP4CE6E22C8N Member=Component C19 0.1uF
Added Member To Class: ClassName=EP4CE6E22C8N Member=Component C20 0.1uF
Added Member To Class: ClassName=EP4CE6E22C8N Member=Component C22 0.1uF
Added Member To Class: ClassName=EP4CE6E22C8N Member=Component R1 33R
Added Member To Class: ClassName=EP4CE6E22C8N Member=Component R2 0R
Added Member To Class: ClassName=EP4CE6E22C8N Member=Component R4 10K
