Added Component: Designator=R?(0402_R)
Add component (AddParameter): Name = "ComponentLink1Description"; Value = "供应商链接"; VariantName = "[No Variations]"
Add component (AddParameter): Name = "ComponentLink1URL"; Value = "http://www.szlcsc.com/product/details_26667.html"; VariantName = "[No Variations]"
Add component (AddParameter): Name = "Notepad"; Value = ""; VariantName = "[No Variations]"
Add component (AddParameter): Name = "Package"; Value = "0402"; VariantName = "[No Variations]"
Add component (AddParameter): Name = "Supplier"; Value = "LC"; VariantName = "[No Variations]"
Add component (AddParameter): Name = "SuppliersPartNumber"; Value = "C25924"; VariantName = "[No Variations]"
Added Component: Designator=R?(0402_R)
Add component (AddParameter): Name = "ComponentLink1Description"; Value = "供应商链接"; VariantName = "[No Variations]"
Add component (AddParameter): Name = "ComponentLink1URL"; Value = "http://www.szlcsc.com/product/details_26667.html"; VariantName = "[No Variations]"
Add component (AddParameter): Name = "Notepad"; Value = ""; VariantName = "[No Variations]"
Add component (AddParameter): Name = "Package"; Value = "0402"; VariantName = "[No Variations]"
Add component (AddParameter): Name = "Supplier"; Value = "LC"; VariantName = "[No Variations]"
Add component (AddParameter): Name = "SuppliersPartNumber"; Value = "C25924"; VariantName = "[No Variations]"
Added Pin To Net: NetName=GND Pin=R?-1
Added Pin To Net: NetName=GND Pin=R?-2
Added Pin To Net: NetName=GND Pin=USB1-1
Added Pin To Net: NetName=GND Pin=USB1-2
Added Pin To Net: NetName=GND Pin=USB1-3
Added Pin To Net: NetName=GND Pin=USB1-4
Added Pin To Net: NetName=GND Pin=USB1-A1B12
Added Pin To Net: NetName=USB_5V Pin=USB1-A4B9
Added Pin To Net: NetName=GND Pin=USB1-B1A12
Added Pin To Net: NetName=USB_5V Pin=USB1-B4A9
Added Pin To Net: NetName=NetR?_1 Pin=R?-1
Added Pin To Net: NetName=NetR?_1 Pin=USB1-B5
Added Net: Name=NetR?_1
Added Pin To Net: NetName=NetR?_2 Pin=R?-2
Added Pin To Net: NetName=NetR?_2 Pin=USB1-A5
Added Net: Name=NetR?_2
Added Pin To Net: NetName=USB_DN Pin=USB1-A7
Added Pin To Net: NetName=USB_DN Pin=USB1-B7
Added Net: Name=USB_DN
Added Pin To Net: NetName=USB_DP Pin=USB1-A6
Added Pin To Net: NetName=USB_DP Pin=USB1-B6
Added Net: Name=USB_DP
Added Member To Class: ClassName=DDR Member=Component C? 0.1uF
Added Member To Class: ClassName=DDR Member=Component C? 0.1uF
Added Member To Class: ClassName=DDR Member=Component C? 0.1uF
Added Member To Class: ClassName=DDR Member=Component C? 0.1uF
Added Member To Class: ClassName=DDR Member=Component C? 0.1uF
Added Member To Class: ClassName=DDR Member=Component C? 0.1uF
Added Member To Class: ClassName=Power Member=Component C? 22uF
Added Member To Class: ClassName=Power Member=Component C? 22uF
Added Member To Class: ClassName=Power Member=Component C? 22uF
Added Member To Class: ClassName=Power Member=Component C? 22uF
Added Member To Class: ClassName=Power Member=Component C? 22uF
Added Member To Class: ClassName=Power Member=Component C? 22pF
Added Member To Class: ClassName=Power Member=Component R? 5.1K
Added Member To Class: ClassName=Power Member=Component R? 5.1K
Added Member To Class: ClassName=Power Member=Component R? 510K
Added Member To Class: ClassName=EP4CE6E22C8N Member=Component RESET? 3x6x5
Added Member To Class: ClassName=EP4CE6E22C8N Member=Component RESET? 3x6x5
Added Member To Class: ClassName=Power Member=Component U? MT3420B
Added Member To Class: ClassName=Power Member=Component U? SGM3157
Added Member To Class: ClassName=Power Member=Component V? AMS1117-2V5
