Removed Member From Class: ClassName=USB_Blaster Member=C?
Removed Member From Class: ClassName=USB_Blaster Member=R?
Change Component Designator: OldDesignator=ACK NewDesignator=ACK1
Change Component Designator: OldDesignator=C? NewDesignator=C43
Change Component Designator: OldDesignator=C? NewDesignator=C44
Change Component Designator: OldDesignator=C? NewDesignator=C45
Change Component Designator: OldDesignator=C? NewDesignator=C46
Change Component Designator: OldDesignator=C? NewDesignator=C47
Change Component Designator: OldDesignator=C? NewDesignator=C48
Change Component Designator: OldDesignator=C? NewDesignator=C49
Change Component Designator: OldDesignator=PWR NewDesignator=PWR1
Change Component Designator: OldDesignator=Q1 NewDesignator=Q2
Change Component Designator: OldDesignator=Q2 NewDesignator=Q1
Change Component Designator: OldDesignator=R29 NewDesignator=R32
Change Component Designator: OldDesignator=R30 NewDesignator=R33
Change Component Designator: OldDesignator=R31 NewDesignator=R34
Change Component Designator: OldDesignator=R32 NewDesignator=R29
Change Component Designator: OldDesignator=R33 NewDesignator=R30
Change Component Designator: OldDesignator=R34 NewDesignator=R31
Change Component Designator: OldDesignator=R? NewDesignator=R35
Change Component Designator: OldDesignator=R? NewDesignator=R36
Change Component Designator: OldDesignator=R? NewDesignator=R37
Change Component Designator: OldDesignator=R? NewDesignator=R38
Change Component Designator: OldDesignator=R? NewDesignator=R39
Change Component Designator: OldDesignator=R? NewDesignator=R40
Change Component Designator: OldDesignator=R? NewDesignator=R41
Change Component Designator: OldDesignator=R? NewDesignator=R42
Change Component Designator: OldDesignator=R? NewDesignator=R43
Change Component Designator: OldDesignator=R? NewDesignator=R44
Change Component Designator: OldDesignator=R? NewDesignator=R45
Change Component Designator: OldDesignator=R? NewDesignator=R46
Change Component Designator: OldDesignator=R? NewDesignator=R47
Change Component Designator: OldDesignator=R? NewDesignator=R48
Change Component Designator: OldDesignator=R? NewDesignator=R49
Change Component Designator: OldDesignator=R? NewDesignator=R50
Change Component Designator: OldDesignator=R? NewDesignator=R51
Change Component Designator: OldDesignator=R? NewDesignator=R52
Change Component Designator: OldDesignator=R? NewDesignator=R53
Change Component Designator: OldDesignator=R? NewDesignator=R54
Change Component Designator: OldDesignator=R? NewDesignator=R55
Change Component Designator: OldDesignator=R? NewDesignator=R56
Change Component Designator: OldDesignator=R? NewDesignator=R57
Change Component Designator: OldDesignator=R? NewDesignator=R58
Change Component Designator: OldDesignator=R? NewDesignator=R59
Change Component Designator: OldDesignator=RST NewDesignator=RST1
Change Component Designator: OldDesignator=U9 NewDesignator=U10
Change Component Designator: OldDesignator=U10 NewDesignator=U9
Change Component Designator: OldDesignator=U? NewDesignator=U11
Change Component Designator: OldDesignator=U? NewDesignator=U12
Change Component Designator: OldDesignator=U? NewDesignator=U13
Change Component Designator: OldDesignator=X? NewDesignator=X2
Change Net Name : Old Net Name=NetACK_1 New Net Name=NetACK1_1
Change Net Name : Old Net Name=NetC?_2 New Net Name=NetC47_2
Change Net Name : Old Net Name=NetPWR_1 New Net Name=NetPWR1_1
Change Net Name : Old Net Name=NetQ1_1 New Net Name=NetQ2_1
Change Net Name : Old Net Name=NetQ2_1 New Net Name=NetQ1_1
Change Net Name : Old Net Name=NetR?_1 New Net Name=NetR49_1
Change Net Name : Old Net Name=NetR?_2 New Net Name=NetR44_2
Added Pin To Net: NetName=NetR45_1 Pin=R45-1
Added Pin To Net: NetName=NetR45_1 Pin=U11-16
Added Net: Name=NetR45_1
Added Pin To Net: NetName=NetR47_1 Pin=R47-1
Added Pin To Net: NetName=NetR47_1 Pin=U11-15
Added Net: Name=NetR47_1
Added Pin To Net: NetName=NetR50_1 Pin=R50-1
Added Pin To Net: NetName=NetR50_1 Pin=U11-13
Added Net: Name=NetR50_1
Added Pin To Net: NetName=NetR51_1 Pin=R51-1
Added Pin To Net: NetName=NetR51_1 Pin=U11-12
Added Net: Name=NetR51_1
Added Pin To Net: NetName=NetR53_2 Pin=R53-2
Added Pin To Net: NetName=NetR53_2 Pin=U12-2
Added Net: Name=NetR53_2
Added Member To Class: ClassName=Peripheral Member=Component C43 0.1uF
Added Member To Class: ClassName=Peripheral Member=Component C44 0.1uF
Added Member To Class: ClassName=USB_Blaster Member=Component C46 0.1uF
Added Member To Class: ClassName=USB_Blaster Member=Component C47 0.1uF
Added Member To Class: ClassName=USB_Blaster Member=Component C48 20pF
Added Member To Class: ClassName=USB_Blaster Member=Component C49 20pF
Added Member To Class: ClassName=Peripheral Member=Component R35 10K
Added Member To Class: ClassName=Peripheral Member=Component R36 10K
Added Member To Class: ClassName=Peripheral Member=Component R37 4.7K
Added Member To Class: ClassName=Peripheral Member=Component R38 10K
Added Member To Class: ClassName=Peripheral Member=Component R39 10K
Added Member To Class: ClassName=Peripheral Member=Component R40 10K
Added Member To Class: ClassName=Peripheral Member=Component R42 220R
Added Member To Class: ClassName=Peripheral Member=Component R43 220R
Added Member To Class: ClassName=USB_Blaster Member=Component R44 10K
Added Member To Class: ClassName=USB_Blaster Member=Component R45 22R
Added Member To Class: ClassName=USB_Blaster Member=Component R46 100K
Added Member To Class: ClassName=USB_Blaster Member=Component R47 22R
Added Member To Class: ClassName=USB_Blaster Member=Component R48 100K
Added Member To Class: ClassName=USB_Blaster Member=Component R49 22R
Added Member To Class: ClassName=USB_Blaster Member=Component R50 22R
Added Member To Class: ClassName=USB_Blaster Member=Component R51 22R
Added Member To Class: ClassName=USB_Blaster Member=Component R52 22R
Added Member To Class: ClassName=USB_Blaster Member=Component R53 22R
Added Member To Class: ClassName=USB_Blaster Member=Component R54 22R
Added Member To Class: ClassName=USB_Blaster Member=Component R55 22R
Added Member To Class: ClassName=USB_Blaster Member=Component R56 22R
Added Member To Class: ClassName=USB_Blaster Member=Component R57 100K
Added Member To Class: ClassName=USB_Blaster Member=Component R58 1K
Added Member To Class: ClassName=USB_Blaster Member=Component R59 1K
Added Member To Class: ClassName=USB_Blaster Member=Component U11 PIC18F14K50-I/SS
Added Member To Class: ClassName=USB_Blaster Member=Component U12 74LVC125A
