Added Component: Designator=R?(0402_R)
Add component (AddParameter): Name = "ComponentLink1Description"; Value = "供应商链接"; VariantName = "[No Variations]"
Add component (AddParameter): Name = "ComponentLink1URL"; Value = "http://www.szlcsc.com/product/details_26667.html"; VariantName = "[No Variations]"
Add component (AddParameter): Name = "Notepad"; Value = ""; VariantName = "[No Variations]"
Add component (AddParameter): Name = "Package"; Value = "0402"; VariantName = "[No Variations]"
Add component (AddParameter): Name = "Supplier"; Value = "LC"; VariantName = "[No Variations]"
Add component (AddParameter): Name = "SuppliersPartNumber"; Value = "C25924"; VariantName = "[No Variations]"
Added Component: Designator=SW?(CSW DIP-1P)
Add component (AddParameter): Name = "BOM名称"; Value = "1路编码开关"; VariantName = "[No Variations]"
Add component (AddParameter): Name = "学习资源"; Value = "www.ooocke.com"; VariantName = "[No Variations]"
Add component (AddParameter): Name = "版权归属"; Value = "源创客"; VariantName = "[No Variations]"
Added Pin To Net: NetName=GND Pin=R?-1
Added Pin To Net: NetName=VCC_3V3 Pin=SW?-2
Added Pin To Net: NetName=GND Pin=U?-2
Added Pin To Net: NetName=GND Pin=U?-2
Added Pin To Net: NetName=USB_DN Pin=U?-4
Added Pin To Net: NetName=USB_DP Pin=U?-4
Added Pin To Net: NetName=VCC_3V3 Pin=U?-5
Added Pin To Net: NetName=VCC_3V3 Pin=U?-5
Added Pin To Net: NetName=CP2102_DN Pin=U?-3
Added Net: Name=CP2102_DN
Added Pin To Net: NetName=CP2102_DP Pin=U?-3
Added Net: Name=CP2102_DP
Added Pin To Net: NetName=NetLabel608 Pin=U?-1
Added Net: Name=NetLabel608
Added Pin To Net: NetName=NetLabel610 Pin=U?-1
Added Net: Name=NetLabel610
Added Pin To Net: NetName=SGM_SEL Pin=R?-2
Added Pin To Net: NetName=SGM_SEL Pin=SW?-1
Added Pin To Net: NetName=SGM_SEL Pin=U?-6
Added Pin To Net: NetName=SGM_SEL Pin=U?-6
Added Net: Name=SGM_SEL
Added Member To Class: ClassName=DDR Member=Component C? 0.1uF
Added Member To Class: ClassName=DDR Member=Component C? 0.1uF
Added Member To Class: ClassName=DDR Member=Component C? 0.1uF
Added Member To Class: ClassName=DDR Member=Component C? 0.1uF
Added Member To Class: ClassName=DDR Member=Component C? 0.1uF
Added Member To Class: ClassName=DDR Member=Component C? 0.1uF
Added Member To Class: ClassName=Power Member=Component C? 22uF
Added Member To Class: ClassName=Power Member=Component C? 22pF
Added Member To Class: ClassName=Power Member=Component C? 22uF
Added Member To Class: ClassName=Power Member=Component C? 22uF
Added Member To Class: ClassName=Power Member=Component C? 22uF
Added Member To Class: ClassName=Power Member=Component C? 22uF
Added Member To Class: ClassName=Power Member=Component R? 510K
Added Member To Class: ClassName=Power Member=Component R? 110K
Added Member To Class: ClassName=Power Member=Component R? 5.1K
Added Member To Class: ClassName=Power Member=Component R? 5.1K
Added Member To Class: ClassName=EP4CE6E22C8N Member=Component RESET? 3x6x5
Added Member To Class: ClassName=EP4CE6E22C8N Member=Component RESET? 3x6x5
Added Member To Class: ClassName=Power Member=Component SW? CSW-1P
Added Member To Class: ClassName=Power Member=Component U? SGM3157
Added Member To Class: ClassName=Power Member=Component U? MT3420B
Added Member To Class: ClassName=Power Member=Component V? AMS1117-2V5
