Added Component: Designator=C36(0402_C)
Add component (AddParameter): Name = "ComponentLink1Description"; Value = "供应商链接"; VariantName = "[No Variations]"
Add component (AddParameter): Name = "ComponentLink1URL"; Value = "http://www.szlcsc.com/product/details_1928.html"; VariantName = "[No Variations]"
Add component (AddParameter): Name = "Notepad"; Value = ""; VariantName = "[No Variations]"
Add component (AddParameter): Name = "Package"; Value = "0402"; VariantName = "[No Variations]"
Add component (AddParameter): Name = "Supplier"; Value = "LC"; VariantName = "[No Variations]"
Add component (AddParameter): Name = "SuppliersPartNumber"; Value = "C1576"; VariantName = "[No Variations]"
Added Component: Designator=C37(0402_C)
Add component (AddParameter): Name = "ComponentLink1Description"; Value = "供应商链接"; VariantName = "[No Variations]"
Add component (AddParameter): Name = "ComponentLink1URL"; Value = "http://www.szlcsc.com/product/details_1928.html"; VariantName = "[No Variations]"
Add component (AddParameter): Name = "Notepad"; Value = ""; VariantName = "[No Variations]"
Add component (AddParameter): Name = "Package"; Value = "0402"; VariantName = "[No Variations]"
Add component (AddParameter): Name = "Supplier"; Value = "LC"; VariantName = "[No Variations]"
Add component (AddParameter): Name = "SuppliersPartNumber"; Value = "C1576"; VariantName = "[No Variations]"
Added Component: Designator=C38(0402_C)
Add component (AddParameter): Name = "ComponentLink1Description"; Value = "供应商链接"; VariantName = "[No Variations]"
Add component (AddParameter): Name = "ComponentLink1URL"; Value = "http://www.szlcsc.com/product/details_1928.html"; VariantName = "[No Variations]"
Add component (AddParameter): Name = "Notepad"; Value = ""; VariantName = "[No Variations]"
Add component (AddParameter): Name = "Package"; Value = "0402"; VariantName = "[No Variations]"
Add component (AddParameter): Name = "Supplier"; Value = "LC"; VariantName = "[No Variations]"
Add component (AddParameter): Name = "SuppliersPartNumber"; Value = "C1576"; VariantName = "[No Variations]"
Added Component: Designator=C39(0402_C)
Add component (AddParameter): Name = "ComponentLink1Description"; Value = "供应商链接"; VariantName = "[No Variations]"
Add component (AddParameter): Name = "ComponentLink1URL"; Value = "http://www.szlcsc.com/product/details_1928.html"; VariantName = "[No Variations]"
Add component (AddParameter): Name = "Notepad"; Value = ""; VariantName = "[No Variations]"
Add component (AddParameter): Name = "Package"; Value = "0402"; VariantName = "[No Variations]"
Add component (AddParameter): Name = "Supplier"; Value = "LC"; VariantName = "[No Variations]"
Add component (AddParameter): Name = "SuppliersPartNumber"; Value = "C1576"; VariantName = "[No Variations]"
Added Component: Designator=C40(0402_C)
Add component (AddParameter): Name = "ComponentLink1Description"; Value = "供应商链接"; VariantName = "[No Variations]"
Add component (AddParameter): Name = "ComponentLink1URL"; Value = "http://www.szlcsc.com/product/details_1928.html"; VariantName = "[No Variations]"
Add component (AddParameter): Name = "Notepad"; Value = ""; VariantName = "[No Variations]"
Add component (AddParameter): Name = "Package"; Value = "0402"; VariantName = "[No Variations]"
Add component (AddParameter): Name = "Supplier"; Value = "LC"; VariantName = "[No Variations]"
Add component (AddParameter): Name = "SuppliersPartNumber"; Value = "C1576"; VariantName = "[No Variations]"
Added Component: Designator=C41(0402_C)
Add component (AddParameter): Name = "ComponentLink1Description"; Value = "供应商链接"; VariantName = "[No Variations]"
Add component (AddParameter): Name = "ComponentLink1URL"; Value = "http://www.szlcsc.com/product/details_1928.html"; VariantName = "[No Variations]"
Add component (AddParameter): Name = "Notepad"; Value = ""; VariantName = "[No Variations]"
Add component (AddParameter): Name = "Package"; Value = "0402"; VariantName = "[No Variations]"
Add component (AddParameter): Name = "Supplier"; Value = "LC"; VariantName = "[No Variations]"
Add component (AddParameter): Name = "SuppliersPartNumber"; Value = "C1576"; VariantName = "[No Variations]"
Added Component: Designator=C42(0402_C)
Add component (AddParameter): Name = "ComponentLink1Description"; Value = "供应商链接"; VariantName = "[No Variations]"
Add component (AddParameter): Name = "ComponentLink1URL"; Value = "http://www.szlcsc.com/product/details_1928.html"; VariantName = "[No Variations]"
Add component (AddParameter): Name = "Notepad"; Value = ""; VariantName = "[No Variations]"
Add component (AddParameter): Name = "Package"; Value = "0402"; VariantName = "[No Variations]"
Add component (AddParameter): Name = "Supplier"; Value = "LC"; VariantName = "[No Variations]"
Add component (AddParameter): Name = "SuppliersPartNumber"; Value = "C1576"; VariantName = "[No Variations]"
Added Component: Designator=HDMI?(HDMI-SMD_HDMI-019S)
Add component (AddParameter): Name = "Add into BOM"; Value = "yes"; VariantName = "[No Variations]"
Add component (AddParameter): Name = "Connector Type"; Value = "HDMI"; VariantName = "[No Variations]"
Add component (AddParameter): Name = "Convert to PCB"; Value = "yes"; VariantName = "[No Variations]"
Add component (AddParameter): Name = "Current Rating (Max)"; Value = "500mA"; VariantName = "[No Variations]"
Add component (AddParameter): Name = "Datasheet"; Value = "https://atta.szlcsc.com/upload/public/pdf/source/20200911/C111617_84DD1BD35B9EB8A28224A63520745D0A.pdf"; VariantName = "[No Variations]"
Add component (AddParameter): Name = "Device"; Value = "HDMI-019S"; VariantName = "[No Variations]"
Add component (AddParameter): Name = "Gender"; Value = "母"; VariantName = "[No Variations]"
Add component (AddParameter): Name = "JLCPCB Part Class"; Value = "Extended Part"; VariantName = "[No Variations]"
Add component (AddParameter): Name = "LCSC Part Name"; Value = "HDMI 母 P数:19"; VariantName = "[No Variations]"
Add component (AddParameter): Name = "Manufacturer"; Value = "SOFNG(硕方)"; VariantName = "[No Variations]"
Add component (AddParameter): Name = "Manufacturer Part"; Value = "HDMI-019S"; VariantName = "[No Variations]"
Add component (AddParameter): Name = "Mounting Style"; Value = "卧贴"; VariantName = "[No Variations]"
Add component (AddParameter): Name = "Name"; Value = "HDMI-019S"; VariantName = "[No Variations]"
Add component (AddParameter): Name = "Number of Pins"; Value = "19"; VariantName = "[No Variations]"
Add component (AddParameter): Name = "Number of Rows"; Value = "-"; VariantName = "[No Variations]"
Add component (AddParameter): Name = "Operating Temperature Range"; Value = "-25℃~+75℃"; VariantName = "[No Variations]"
Add component (AddParameter): Name = "Supplier"; Value = "LCSC"; VariantName = "[No Variations]"
Add component (AddParameter): Name = "Supplier Footprint"; Value = "SMD"; VariantName = "[No Variations]"
Add component (AddParameter): Name = "Supplier Part"; Value = "C111617"; VariantName = "[No Variations]"
Add component (AddParameter): Name = "Symbol"; Value = "HDMI-019S"; VariantName = "[No Variations]"
Added Component: Designator=U7(TSOP-54_L22.2-W10.2-P0.80-LS11.8-BL)
Added Pin To Net: NetName=GND Pin=C36-1
Added Pin To Net: NetName=VCC_3V3 Pin=C36-2
Added Pin To Net: NetName=GND Pin=C37-1
Added Pin To Net: NetName=VCC_3V3 Pin=C37-2
Added Pin To Net: NetName=GND Pin=C38-1
Added Pin To Net: NetName=VCC_3V3 Pin=C38-2
Added Pin To Net: NetName=GND Pin=C39-1
Added Pin To Net: NetName=VCC_3V3 Pin=C39-2
Added Pin To Net: NetName=GND Pin=C40-1
Added Pin To Net: NetName=VCC_3V3 Pin=C40-2
Added Pin To Net: NetName=GND Pin=C41-1
Added Pin To Net: NetName=VCC_3V3 Pin=C41-2
Added Pin To Net: NetName=GND Pin=C42-1
Added Pin To Net: NetName=VCC_3V3 Pin=C42-2
Added Pin To Net: NetName=VCC_3V3 Pin=U7-1
Added Pin To Net: NetName=28 Pin=U7-2
Added Pin To Net: NetName=VCC_3V3 Pin=U7-3
Added Pin To Net: NetName=30 Pin=U7-4
Added Pin To Net: NetName=31 Pin=U7-5
Added Pin To Net: NetName=GND Pin=U7-6
Added Pin To Net: NetName=32 Pin=U7-7
Added Pin To Net: NetName=33 Pin=U7-8
Added Pin To Net: NetName=VCC_3V3 Pin=U7-9
Added Pin To Net: NetName=34 Pin=U7-10
Added Pin To Net: NetName=38 Pin=U7-11
Added Pin To Net: NetName=GND Pin=U7-12
Added Pin To Net: NetName=39 Pin=U7-13
Added Pin To Net: NetName=VCC_3V3 Pin=U7-14
Added Pin To Net: NetName=42 Pin=U7-15
Added Pin To Net: NetName=69 Pin=U7-16
Added Pin To Net: NetName=70 Pin=U7-17
Added Pin To Net: NetName=71 Pin=U7-18
Added Pin To Net: NetName=72 Pin=U7-19
Added Pin To Net: NetName=73 Pin=U7-20
Added Pin To Net: NetName=74 Pin=U7-21
Added Pin To Net: NetName=75 Pin=U7-22
Added Pin To Net: NetName=76 Pin=U7-23
Added Pin To Net: NetName=77 Pin=U7-24
Added Pin To Net: NetName=80 Pin=U7-25
Added Pin To Net: NetName=83 Pin=U7-26
Added Pin To Net: NetName=VCC_3V3 Pin=U7-27
Added Pin To Net: NetName=GND Pin=U7-28
Added Pin To Net: NetName=68 Pin=U7-29
Added Pin To Net: NetName=67 Pin=U7-30
Added Pin To Net: NetName=66 Pin=U7-31
Added Pin To Net: NetName=65 Pin=U7-32
Added Pin To Net: NetName=64 Pin=U7-33
Added Pin To Net: NetName=60 Pin=U7-34
Added Pin To Net: NetName=59 Pin=U7-35
Added Pin To Net: NetName=58 Pin=U7-37
Added Pin To Net: NetName=43 Pin=U7-38
Added Pin To Net: NetName=55 Pin=U7-39
Added Pin To Net: NetName=GND Pin=U7-41
Added Pin To Net: NetName=54 Pin=U7-42
Added Pin To Net: NetName=VCC_3V3 Pin=U7-43
Added Pin To Net: NetName=53 Pin=U7-44
Added Pin To Net: NetName=52 Pin=U7-45
Added Pin To Net: NetName=GND Pin=U7-46
Added Pin To Net: NetName=51 Pin=U7-47
Added Pin To Net: NetName=50 Pin=U7-48
Added Pin To Net: NetName=VCC_3V3 Pin=U7-49
Added Pin To Net: NetName=49 Pin=U7-50
Added Pin To Net: NetName=46 Pin=U7-51
Added Pin To Net: NetName=GND Pin=U7-52
Added Pin To Net: NetName=44 Pin=U7-53
Added Pin To Net: NetName=GND Pin=U7-54
Change Class Name : Old Net Name=DDR New Net Name=DDR_HDIM
Added Class: Name=DDR_HDMI
