Added Component: Designator=C1(0402_C)
Add component (AddParameter): Name = "ComponentLink1Description"; Value = "供应商链接"; VariantName = "[No Variations]"
Add component (AddParameter): Name = "ComponentLink1URL"; Value = "http://www.szlcsc.com/product/details_1928.html"; VariantName = "[No Variations]"
Add component (AddParameter): Name = "Notepad"; Value = ""; VariantName = "[No Variations]"
Add component (AddParameter): Name = "Package"; Value = "0402"; VariantName = "[No Variations]"
Add component (AddParameter): Name = "Supplier"; Value = "LC"; VariantName = "[No Variations]"
Add component (AddParameter): Name = "SuppliersPartNumber"; Value = "C1576"; VariantName = "[No Variations]"
Added Component: Designator=C2(0402_C)
Add component (AddParameter): Name = "ComponentLink1Description"; Value = "供应商链接"; VariantName = "[No Variations]"
Add component (AddParameter): Name = "ComponentLink1URL"; Value = "http://www.szlcsc.com/product/details_1928.html"; VariantName = "[No Variations]"
Add component (AddParameter): Name = "Notepad"; Value = ""; VariantName = "[No Variations]"
Add component (AddParameter): Name = "Package"; Value = "0402"; VariantName = "[No Variations]"
Add component (AddParameter): Name = "Supplier"; Value = "LC"; VariantName = "[No Variations]"
Add component (AddParameter): Name = "SuppliersPartNumber"; Value = "C1576"; VariantName = "[No Variations]"
Added Component: Designator=C3(0402_C)
Add component (AddParameter): Name = "ComponentLink1Description"; Value = "供应商链接"; VariantName = "[No Variations]"
Add component (AddParameter): Name = "ComponentLink1URL"; Value = "http://www.szlcsc.com/product/details_1928.html"; VariantName = "[No Variations]"
Add component (AddParameter): Name = "Notepad"; Value = ""; VariantName = "[No Variations]"
Add component (AddParameter): Name = "Package"; Value = "0402"; VariantName = "[No Variations]"
Add component (AddParameter): Name = "Supplier"; Value = "LC"; VariantName = "[No Variations]"
Add component (AddParameter): Name = "SuppliersPartNumber"; Value = "C1576"; VariantName = "[No Variations]"
Added Component: Designator=C4(0402_C)
Add component (AddParameter): Name = "ComponentLink1Description"; Value = "供应商链接"; VariantName = "[No Variations]"
Add component (AddParameter): Name = "ComponentLink1URL"; Value = "http://www.szlcsc.com/product/details_1928.html"; VariantName = "[No Variations]"
Add component (AddParameter): Name = "Notepad"; Value = ""; VariantName = "[No Variations]"
Add component (AddParameter): Name = "Package"; Value = "0402"; VariantName = "[No Variations]"
Add component (AddParameter): Name = "Supplier"; Value = "LC"; VariantName = "[No Variations]"
Add component (AddParameter): Name = "SuppliersPartNumber"; Value = "C1576"; VariantName = "[No Variations]"
Added Component: Designator=C5(0402_C)
Add component (AddParameter): Name = "ComponentLink1Description"; Value = "供应商链接"; VariantName = "[No Variations]"
Add component (AddParameter): Name = "ComponentLink1URL"; Value = "http://www.szlcsc.com/product/details_1928.html"; VariantName = "[No Variations]"
Add component (AddParameter): Name = "Notepad"; Value = ""; VariantName = "[No Variations]"
Add component (AddParameter): Name = "Package"; Value = "0402"; VariantName = "[No Variations]"
Add component (AddParameter): Name = "Supplier"; Value = "LC"; VariantName = "[No Variations]"
Add component (AddParameter): Name = "SuppliersPartNumber"; Value = "C1576"; VariantName = "[No Variations]"
Added Component: Designator=C6(0402_C)
Add component (AddParameter): Name = "ComponentLink1Description"; Value = "供应商链接"; VariantName = "[No Variations]"
Add component (AddParameter): Name = "ComponentLink1URL"; Value = "http://www.szlcsc.com/product/details_1928.html"; VariantName = "[No Variations]"
Add component (AddParameter): Name = "Notepad"; Value = ""; VariantName = "[No Variations]"
Add component (AddParameter): Name = "Package"; Value = "0402"; VariantName = "[No Variations]"
Add component (AddParameter): Name = "Supplier"; Value = "LC"; VariantName = "[No Variations]"
Add component (AddParameter): Name = "SuppliersPartNumber"; Value = "C1576"; VariantName = "[No Variations]"
Added Component: Designator=C7(0402_C)
Add component (AddParameter): Name = "ComponentLink1Description"; Value = "供应商链接"; VariantName = "[No Variations]"
Add component (AddParameter): Name = "ComponentLink1URL"; Value = "http://www.szlcsc.com/product/details_1928.html"; VariantName = "[No Variations]"
Add component (AddParameter): Name = "Notepad"; Value = ""; VariantName = "[No Variations]"
Add component (AddParameter): Name = "Package"; Value = "0402"; VariantName = "[No Variations]"
Add component (AddParameter): Name = "Supplier"; Value = "LC"; VariantName = "[No Variations]"
Add component (AddParameter): Name = "SuppliersPartNumber"; Value = "C1576"; VariantName = "[No Variations]"
Added Component: Designator=C8(0402_C)
Add component (AddParameter): Name = "ComponentLink1Description"; Value = "供应商链接"; VariantName = "[No Variations]"
Add component (AddParameter): Name = "ComponentLink1URL"; Value = "http://www.szlcsc.com/product/details_1928.html"; VariantName = "[No Variations]"
Add component (AddParameter): Name = "Notepad"; Value = ""; VariantName = "[No Variations]"
Add component (AddParameter): Name = "Package"; Value = "0402"; VariantName = "[No Variations]"
Add component (AddParameter): Name = "Supplier"; Value = "LC"; VariantName = "[No Variations]"
Add component (AddParameter): Name = "SuppliersPartNumber"; Value = "C1576"; VariantName = "[No Variations]"
Added Component: Designator=C9(0402_C)
Add component (AddParameter): Name = "ComponentLink1Description"; Value = "供应商链接"; VariantName = "[No Variations]"
Add component (AddParameter): Name = "ComponentLink1URL"; Value = "http://www.szlcsc.com/product/details_1928.html"; VariantName = "[No Variations]"
Add component (AddParameter): Name = "Notepad"; Value = ""; VariantName = "[No Variations]"
Add component (AddParameter): Name = "Package"; Value = "0402"; VariantName = "[No Variations]"
Add component (AddParameter): Name = "Supplier"; Value = "LC"; VariantName = "[No Variations]"
Add component (AddParameter): Name = "SuppliersPartNumber"; Value = "C1576"; VariantName = "[No Variations]"
Added Component: Designator=C10(0402_C)
Add component (AddParameter): Name = "ComponentLink1Description"; Value = "供应商链接"; VariantName = "[No Variations]"
Add component (AddParameter): Name = "ComponentLink1URL"; Value = "http://www.szlcsc.com/product/details_1928.html"; VariantName = "[No Variations]"
Add component (AddParameter): Name = "Notepad"; Value = ""; VariantName = "[No Variations]"
Add component (AddParameter): Name = "Package"; Value = "0402"; VariantName = "[No Variations]"
Add component (AddParameter): Name = "Supplier"; Value = "LC"; VariantName = "[No Variations]"
Add component (AddParameter): Name = "SuppliersPartNumber"; Value = "C1576"; VariantName = "[No Variations]"
Added Component: Designator=C11(0402_C)
Add component (AddParameter): Name = "ComponentLink1Description"; Value = "供应商链接"; VariantName = "[No Variations]"
Add component (AddParameter): Name = "ComponentLink1URL"; Value = "http://www.szlcsc.com/product/details_1928.html"; VariantName = "[No Variations]"
Add component (AddParameter): Name = "Notepad"; Value = ""; VariantName = "[No Variations]"
Add component (AddParameter): Name = "Package"; Value = "0402"; VariantName = "[No Variations]"
Add component (AddParameter): Name = "Supplier"; Value = "LC"; VariantName = "[No Variations]"
Add component (AddParameter): Name = "SuppliersPartNumber"; Value = "C1576"; VariantName = "[No Variations]"
Added Component: Designator=C12(0402_C)
Add component (AddParameter): Name = "ComponentLink1Description"; Value = "供应商链接"; VariantName = "[No Variations]"
Add component (AddParameter): Name = "ComponentLink1URL"; Value = "http://www.szlcsc.com/product/details_1928.html"; VariantName = "[No Variations]"
Add component (AddParameter): Name = "Notepad"; Value = ""; VariantName = "[No Variations]"
Add component (AddParameter): Name = "Package"; Value = "0402"; VariantName = "[No Variations]"
Add component (AddParameter): Name = "Supplier"; Value = "LC"; VariantName = "[No Variations]"
Add component (AddParameter): Name = "SuppliersPartNumber"; Value = "C1576"; VariantName = "[No Variations]"
Added Component: Designator=C13(0402_C)
Add component (AddParameter): Name = "ComponentLink1Description"; Value = "供应商链接"; VariantName = "[No Variations]"
Add component (AddParameter): Name = "ComponentLink1URL"; Value = "http://www.szlcsc.com/product/details_1928.html"; VariantName = "[No Variations]"
Add component (AddParameter): Name = "Notepad"; Value = ""; VariantName = "[No Variations]"
Add component (AddParameter): Name = "Package"; Value = "0402"; VariantName = "[No Variations]"
Add component (AddParameter): Name = "Supplier"; Value = "LC"; VariantName = "[No Variations]"
Add component (AddParameter): Name = "SuppliersPartNumber"; Value = "C1576"; VariantName = "[No Variations]"
Added Component: Designator=C14(0402_C)
Add component (AddParameter): Name = "ComponentLink1Description"; Value = "供应商链接"; VariantName = "[No Variations]"
Add component (AddParameter): Name = "ComponentLink1URL"; Value = "http://www.szlcsc.com/product/details_1928.html"; VariantName = "[No Variations]"
Add component (AddParameter): Name = "Notepad"; Value = ""; VariantName = "[No Variations]"
Add component (AddParameter): Name = "Package"; Value = "0402"; VariantName = "[No Variations]"
Add component (AddParameter): Name = "Supplier"; Value = "LC"; VariantName = "[No Variations]"
Add component (AddParameter): Name = "SuppliersPartNumber"; Value = "C1576"; VariantName = "[No Variations]"
Added Component: Designator=C15(0402_C)
Add component (AddParameter): Name = "ComponentLink1Description"; Value = "供应商链接"; VariantName = "[No Variations]"
Add component (AddParameter): Name = "ComponentLink1URL"; Value = "http://www.szlcsc.com/product/details_1928.html"; VariantName = "[No Variations]"
Add component (AddParameter): Name = "Notepad"; Value = ""; VariantName = "[No Variations]"
Add component (AddParameter): Name = "Package"; Value = "0402"; VariantName = "[No Variations]"
Add component (AddParameter): Name = "Supplier"; Value = "LC"; VariantName = "[No Variations]"
Add component (AddParameter): Name = "SuppliersPartNumber"; Value = "C1576"; VariantName = "[No Variations]"
Added Component: Designator=C16(0402_C)
Add component (AddParameter): Name = "ComponentLink1Description"; Value = "供应商链接"; VariantName = "[No Variations]"
Add component (AddParameter): Name = "ComponentLink1URL"; Value = "http://www.szlcsc.com/product/details_1928.html"; VariantName = "[No Variations]"
Add component (AddParameter): Name = "Notepad"; Value = ""; VariantName = "[No Variations]"
Add component (AddParameter): Name = "Package"; Value = "0402"; VariantName = "[No Variations]"
Add component (AddParameter): Name = "Supplier"; Value = "LC"; VariantName = "[No Variations]"
Add component (AddParameter): Name = "SuppliersPartNumber"; Value = "C1576"; VariantName = "[No Variations]"
Added Component: Designator=C17(0402_C)
Add component (AddParameter): Name = "ComponentLink1Description"; Value = "供应商链接"; VariantName = "[No Variations]"
Add component (AddParameter): Name = "ComponentLink1URL"; Value = "http://www.szlcsc.com/product/details_1928.html"; VariantName = "[No Variations]"
Add component (AddParameter): Name = "Notepad"; Value = ""; VariantName = "[No Variations]"
Add component (AddParameter): Name = "Package"; Value = "0402"; VariantName = "[No Variations]"
Add component (AddParameter): Name = "Supplier"; Value = "LC"; VariantName = "[No Variations]"
Add component (AddParameter): Name = "SuppliersPartNumber"; Value = "C1576"; VariantName = "[No Variations]"
Added Component: Designator=C18(0402_C)
Add component (AddParameter): Name = "ComponentLink1Description"; Value = "供应商链接"; VariantName = "[No Variations]"
Add component (AddParameter): Name = "ComponentLink1URL"; Value = "http://www.szlcsc.com/product/details_1928.html"; VariantName = "[No Variations]"
Add component (AddParameter): Name = "Notepad"; Value = ""; VariantName = "[No Variations]"
Add component (AddParameter): Name = "Package"; Value = "0402"; VariantName = "[No Variations]"
Add component (AddParameter): Name = "Supplier"; Value = "LC"; VariantName = "[No Variations]"
Add component (AddParameter): Name = "SuppliersPartNumber"; Value = "C1576"; VariantName = "[No Variations]"
Added Component: Designator=C19(0402_C)
Add component (AddParameter): Name = "ComponentLink1Description"; Value = "供应商链接"; VariantName = "[No Variations]"
Add component (AddParameter): Name = "ComponentLink1URL"; Value = "http://www.szlcsc.com/product/details_1928.html"; VariantName = "[No Variations]"
Add component (AddParameter): Name = "Notepad"; Value = ""; VariantName = "[No Variations]"
Add component (AddParameter): Name = "Package"; Value = "0402"; VariantName = "[No Variations]"
Add component (AddParameter): Name = "Supplier"; Value = "LC"; VariantName = "[No Variations]"
Add component (AddParameter): Name = "SuppliersPartNumber"; Value = "C1576"; VariantName = "[No Variations]"
Added Component: Designator=C20(0402_C)
Add component (AddParameter): Name = "ComponentLink1Description"; Value = "供应商链接"; VariantName = "[No Variations]"
Add component (AddParameter): Name = "ComponentLink1URL"; Value = "http://www.szlcsc.com/product/details_1928.html"; VariantName = "[No Variations]"
Add component (AddParameter): Name = "Notepad"; Value = ""; VariantName = "[No Variations]"
Add component (AddParameter): Name = "Package"; Value = "0402"; VariantName = "[No Variations]"
Add component (AddParameter): Name = "Supplier"; Value = "LC"; VariantName = "[No Variations]"
Add component (AddParameter): Name = "SuppliersPartNumber"; Value = "C1576"; VariantName = "[No Variations]"
Added Component: Designator=C21(0402_C)
Add component (AddParameter): Name = "ComponentLink1Description"; Value = "供应商链接"; VariantName = "[No Variations]"
Add component (AddParameter): Name = "ComponentLink1URL"; Value = "http://www.szlcsc.com/product/details_1928.html"; VariantName = "[No Variations]"
Add component (AddParameter): Name = "Notepad"; Value = ""; VariantName = "[No Variations]"
Add component (AddParameter): Name = "Package"; Value = "0402"; VariantName = "[No Variations]"
Add component (AddParameter): Name = "Supplier"; Value = "LC"; VariantName = "[No Variations]"
Add component (AddParameter): Name = "SuppliersPartNumber"; Value = "C1576"; VariantName = "[No Variations]"
Added Component: Designator=C22(0402_C)
Add component (AddParameter): Name = "ComponentLink1Description"; Value = "供应商链接"; VariantName = "[No Variations]"
Add component (AddParameter): Name = "ComponentLink1URL"; Value = "http://www.szlcsc.com/product/details_1928.html"; VariantName = "[No Variations]"
Add component (AddParameter): Name = "Notepad"; Value = ""; VariantName = "[No Variations]"
Add component (AddParameter): Name = "Package"; Value = "0402"; VariantName = "[No Variations]"
Add component (AddParameter): Name = "Supplier"; Value = "LC"; VariantName = "[No Variations]"
Add component (AddParameter): Name = "SuppliersPartNumber"; Value = "C1576"; VariantName = "[No Variations]"
Added Component: Designator=R1(0603_R _MINI)
Add component (AddParameter): Name = "ComponentLink1Description"; Value = "供应商链接"; VariantName = "[No Variations]"
Add component (AddParameter): Name = "ComponentLink1URL"; Value = "http://www.szlcsc.com/product/details_23987.html"; VariantName = "[No Variations]"
Add component (AddParameter): Name = "Notepad"; Value = ""; VariantName = "[No Variations]"
Add component (AddParameter): Name = "Package"; Value = "0603"; VariantName = "[No Variations]"
Add component (AddParameter): Name = "Supplier"; Value = "LC"; VariantName = "[No Variations]"
Add component (AddParameter): Name = "SuppliersPartNumber"; Value = "C23260"; VariantName = "[No Variations]"
Added Component: Designator=R2(0603_R _MINI)
Add component (AddParameter): Name = "ComponentLink1Description"; Value = "供应商链接"; VariantName = "[No Variations]"
Add component (AddParameter): Name = "ComponentLink1URL"; Value = "http://www.szlcsc.com/product/details_23987.html"; VariantName = "[No Variations]"
Add component (AddParameter): Name = "Notepad"; Value = ""; VariantName = "[No Variations]"
Add component (AddParameter): Name = "Package"; Value = "0603"; VariantName = "[No Variations]"
Add component (AddParameter): Name = "Supplier"; Value = "LC"; VariantName = "[No Variations]"
Add component (AddParameter): Name = "SuppliersPartNumber"; Value = "C23260"; VariantName = "[No Variations]"
Added Component: Designator=R3(0603_R _MINI)
Add component (AddParameter): Name = "ComponentLink1Description"; Value = "供应商链接"; VariantName = "[No Variations]"
Add component (AddParameter): Name = "ComponentLink1URL"; Value = "http://www.szlcsc.com/product/details_23987.html"; VariantName = "[No Variations]"
Add component (AddParameter): Name = "Notepad"; Value = ""; VariantName = "[No Variations]"
Add component (AddParameter): Name = "Package"; Value = "0603"; VariantName = "[No Variations]"
Add component (AddParameter): Name = "Supplier"; Value = "LC"; VariantName = "[No Variations]"
Add component (AddParameter): Name = "SuppliersPartNumber"; Value = "C23260"; VariantName = "[No Variations]"
Added Component: Designator=R4(0603_R _MINI)
Add component (AddParameter): Name = "ComponentLink1Description"; Value = "供应商链接"; VariantName = "[No Variations]"
Add component (AddParameter): Name = "ComponentLink1URL"; Value = "http://www.szlcsc.com/product/details_23987.html"; VariantName = "[No Variations]"
Add component (AddParameter): Name = "Notepad"; Value = ""; VariantName = "[No Variations]"
Add component (AddParameter): Name = "Package"; Value = "0603"; VariantName = "[No Variations]"
Add component (AddParameter): Name = "Supplier"; Value = "LC"; VariantName = "[No Variations]"
Add component (AddParameter): Name = "SuppliersPartNumber"; Value = "C23260"; VariantName = "[No Variations]"
Added Component: Designator=U1(EQFP144 20X20_N)
Add component (AddParameter): Name = "Code_JEDEC"; Value = "MS-026-BFB"; VariantName = "[No Variations]"
Add component (AddParameter): Name = "ComponentLink1Description"; Value = "Manufacturer Link"; VariantName = "[No Variations]"
Add component (AddParameter): Name = "ComponentLink1URL"; Value = "http://www.altera.com/"; VariantName = "[No Variations]"
Add component (AddParameter): Name = "ComponentLink2Description"; Value = "Handbook"; VariantName = "[No Variations]"
Add component (AddParameter): Name = "ComponentLink2URL"; Value = "http://www.altera.com/literature/hb/cyclone-iv/cyclone4-handbook.pdf"; VariantName = "[No Variations]"
Add component (AddParameter): Name = "ComponentLink3Description"; Value = "Pinout Specification"; VariantName = "[No Variations]"
Add component (AddParameter): Name = "ComponentLink3URL"; Value = "http://www.altera.com/literature/lit-dp.jsp?category=cyc%204&showspreadsheet=y"; VariantName = "[No Variations]"
Add component (AddParameter): Name = "ComponentLink4Description"; Value = "Packaging Specification"; VariantName = "[No Variations]"
Add component (AddParameter): Name = "ComponentLink4URL"; Value = "http://www.altera.com/literature/ds/dspkg.pdf"; VariantName = "[No Variations]"
Add component (AddParameter): Name = "DatasheetVersion"; Value = "ver1.2, Mar-2010"; VariantName = "[No Variations]"
Add component (AddParameter): Name = "PackageDescription"; Value = "144-Pin Plastic Enhanced Quad Flat Pack (EQFP144) - Wire Bond"; VariantName = "[No Variations]"
Add component (AddParameter): Name = "PackageReference"; Value = "EQFP144"; VariantName = "[No Variations]"
Add component (AddParameter): Name = "PackageVersion"; Value = "ver16.0, Dec-2009"; VariantName = "[No Variations]"
Add component (AddParameter): Name = "Published"; Value = "3-May-2010"; VariantName = "[No Variations]"
Add component (AddParameter): Name = "Publisher"; Value = "Altium Limited"; VariantName = "[No Variations]"
Added Component: Designator=U2(SOP8_M)
Added Component: Designator=U3(TSOP-54_L22.2-W10.2-P0.80-LS11.8-BL)
Added Component: Designator=USB1(Type-C-TOP)
Added Pin To Net: NetName=1 Pin=U1-1
Added Net: Name=1
Added Pin To Net: NetName=2 Pin=U1-2
Added Net: Name=2
Added Pin To Net: NetName=3 Pin=U1-3
Added Net: Name=3
Added Pin To Net: NetName=6 Pin=U1-6
Added Net: Name=6
Added Pin To Net: NetName=7 Pin=U1-7
Added Net: Name=7
Added Pin To Net: NetName=8 Pin=U1-8
Added Net: Name=8
Added Pin To Net: NetName=10 Pin=U1-10
Added Net: Name=10
Added Pin To Net: NetName=11 Pin=U1-11
Added Net: Name=11
Added Pin To Net: NetName=13 Pin=U1-13
Added Net: Name=13
Added Pin To Net: NetName=28 Pin=U1-28
Added Net: Name=28
Added Pin To Net: NetName=30 Pin=U1-30
Added Net: Name=30
Added Pin To Net: NetName=31 Pin=U1-31
Added Net: Name=31
Added Pin To Net: NetName=32 Pin=U1-32
Added Net: Name=32
Added Pin To Net: NetName=33 Pin=U1-33
Added Net: Name=33
Added Pin To Net: NetName=34 Pin=U1-34
Added Net: Name=34
Added Pin To Net: NetName=38 Pin=U1-38
Added Net: Name=38
Added Pin To Net: NetName=39 Pin=U1-39
Added Net: Name=39
Added Pin To Net: NetName=42 Pin=U1-42
Added Net: Name=42
Added Pin To Net: NetName=43 Pin=U1-43
Added Net: Name=43
Added Pin To Net: NetName=44 Pin=U1-44
Added Net: Name=44
Added Pin To Net: NetName=46 Pin=U1-46
Added Net: Name=46
Added Pin To Net: NetName=49 Pin=U1-49
Added Net: Name=49
Added Pin To Net: NetName=50 Pin=U1-50
Added Net: Name=50
Added Pin To Net: NetName=51 Pin=U1-51
Added Net: Name=51
Added Pin To Net: NetName=52 Pin=U1-52
Added Net: Name=52
Added Pin To Net: NetName=53 Pin=U1-53
Added Net: Name=53
Added Pin To Net: NetName=54 Pin=U1-54
Added Net: Name=54
Added Pin To Net: NetName=55 Pin=U1-55
Added Net: Name=55
Added Pin To Net: NetName=58 Pin=U1-58
Added Net: Name=58
Added Pin To Net: NetName=59 Pin=U1-59
Added Net: Name=59
Added Pin To Net: NetName=60 Pin=U1-60
Added Net: Name=60
Added Pin To Net: NetName=64 Pin=U1-64
Added Net: Name=64
Added Pin To Net: NetName=65 Pin=U1-65
Added Net: Name=65
Added Pin To Net: NetName=66 Pin=U1-66
Added Net: Name=66
Added Pin To Net: NetName=67 Pin=U1-67
Added Net: Name=67
Added Pin To Net: NetName=68 Pin=U1-68
Added Net: Name=68
Added Pin To Net: NetName=69 Pin=U1-69
Added Net: Name=69
Added Pin To Net: NetName=70 Pin=U1-70
Added Net: Name=70
Added Pin To Net: NetName=71 Pin=U1-71
Added Net: Name=71
Added Pin To Net: NetName=72 Pin=U1-72
Added Net: Name=72
Added Pin To Net: NetName=73 Pin=U1-73
Added Net: Name=73
Added Pin To Net: NetName=74 Pin=U1-74
Added Net: Name=74
Added Pin To Net: NetName=75 Pin=U1-75
Added Net: Name=75
Added Pin To Net: NetName=76 Pin=U1-76
Added Net: Name=76
Added Pin To Net: NetName=77 Pin=U1-77
Added Net: Name=77
Added Pin To Net: NetName=80 Pin=U1-80
Added Net: Name=80
Added Pin To Net: NetName=83 Pin=U1-83
Added Net: Name=83
Added Pin To Net: NetName=84 Pin=U1-84
Added Net: Name=84
Added Pin To Net: NetName=85 Pin=U1-85
Added Net: Name=85
Added Pin To Net: NetName=86 Pin=U1-86
Added Net: Name=86
Added Pin To Net: NetName=87 Pin=U1-87
Added Net: Name=87
Added Pin To Net: NetName=98 Pin=U1-98
Added Net: Name=98
Added Pin To Net: NetName=99 Pin=U1-99
Added Net: Name=99
Added Pin To Net: NetName=100 Pin=U1-100
Added Net: Name=100
Added Pin To Net: NetName=101 Pin=U1-101
Added Net: Name=101
Added Pin To Net: NetName=103 Pin=U1-103
Added Net: Name=103
Added Pin To Net: NetName=104 Pin=U1-104
Added Net: Name=104
Added Pin To Net: NetName=105 Pin=U1-105
Added Net: Name=105
Added Pin To Net: NetName=106 Pin=U1-106
Added Net: Name=106
Added Pin To Net: NetName=110 Pin=U1-110
Added Net: Name=110
Added Pin To Net: NetName=111 Pin=U1-111
Added Net: Name=111
Added Pin To Net: NetName=112 Pin=U1-112
Added Net: Name=112
Added Pin To Net: NetName=113 Pin=U1-113
Added Net: Name=113
Added Pin To Net: NetName=114 Pin=U1-114
Added Net: Name=114
Added Pin To Net: NetName=115 Pin=U1-115
Added Net: Name=115
Added Pin To Net: NetName=119 Pin=U1-119
Added Net: Name=119
Added Pin To Net: NetName=120 Pin=U1-120
Added Net: Name=120
Added Pin To Net: NetName=121 Pin=U1-121
Added Net: Name=121
Added Pin To Net: NetName=124 Pin=U1-124
Added Net: Name=124
Added Pin To Net: NetName=125 Pin=U1-125
Added Net: Name=125
Added Pin To Net: NetName=126 Pin=U1-126
Added Net: Name=126
Added Pin To Net: NetName=127 Pin=U1-127
Added Net: Name=127
Added Pin To Net: NetName=128 Pin=U1-128
Added Net: Name=128
Added Pin To Net: NetName=129 Pin=U1-129
Added Net: Name=129
Added Pin To Net: NetName=132 Pin=U1-132
Added Net: Name=132
Added Pin To Net: NetName=133 Pin=U1-133
Added Net: Name=133
Added Pin To Net: NetName=135 Pin=U1-135
Added Net: Name=135
Added Pin To Net: NetName=136 Pin=U1-136
Added Net: Name=136
Added Pin To Net: NetName=137 Pin=U1-137
Added Net: Name=137
Added Pin To Net: NetName=138 Pin=U1-138
Added Net: Name=138
Added Pin To Net: NetName=141 Pin=U1-141
Added Net: Name=141
Added Pin To Net: NetName=142 Pin=U1-142
Added Net: Name=142
Added Pin To Net: NetName=143 Pin=U1-143
Added Net: Name=143
Added Pin To Net: NetName=144 Pin=U1-144
Added Net: Name=144
Added Pin To Net: NetName=GND Pin=C1-1
Added Pin To Net: NetName=GND Pin=C2-1
Added Pin To Net: NetName=GND Pin=C3-1
Added Pin To Net: NetName=GND Pin=C4-1
Added Pin To Net: NetName=GND Pin=C5-1
Added Pin To Net: NetName=GND Pin=C6-1
Added Pin To Net: NetName=GND Pin=C7-1
Added Pin To Net: NetName=GND Pin=C8-1
Added Pin To Net: NetName=GND Pin=C9-1
Added Pin To Net: NetName=GND Pin=C10-1
Added Pin To Net: NetName=GND Pin=C11-1
Added Pin To Net: NetName=GND Pin=C12-1
Added Pin To Net: NetName=GND Pin=C13-1
Added Pin To Net: NetName=GND Pin=C14-1
Added Pin To Net: NetName=GND Pin=C15-1
Added Pin To Net: NetName=GND Pin=C16-1
Added Pin To Net: NetName=GND Pin=C17-1
Added Pin To Net: NetName=GND Pin=C18-1
Added Pin To Net: NetName=GND Pin=C19-1
Added Pin To Net: NetName=GND Pin=C20-1
Added Pin To Net: NetName=GND Pin=C21-1
Added Pin To Net: NetName=GND Pin=C22-1
Added Pin To Net: NetName=GND Pin=R3-2
Added Pin To Net: NetName=GND Pin=R4-2
Added Pin To Net: NetName=GND Pin=U1-4
Added Pin To Net: NetName=GND Pin=U1-19
Added Pin To Net: NetName=GND Pin=U1-22
Added Pin To Net: NetName=GND Pin=U1-27
Added Pin To Net: NetName=GND Pin=U1-41
Added Pin To Net: NetName=GND Pin=U1-48
Added Pin To Net: NetName=GND Pin=U1-57
Added Pin To Net: NetName=GND Pin=U1-63
Added Pin To Net: NetName=GND Pin=U1-79
Added Pin To Net: NetName=GND Pin=U1-82
Added Pin To Net: NetName=GND Pin=U1-95
Added Pin To Net: NetName=GND Pin=U1-118
Added Pin To Net: NetName=GND Pin=U1-123
Added Pin To Net: NetName=GND Pin=U1-131
Added Pin To Net: NetName=GND Pin=U1-140
Added Pin To Net: NetName=GND Pin=U1-145
Added Net: Name=GND
Added Pin To Net: NetName=NetC1_2 Pin=C1-2
Added Pin To Net: NetName=NetC1_2 Pin=R2-2
Added Pin To Net: NetName=NetC1_2 Pin=U1-37
Added Net: Name=NetC1_2
Added Pin To Net: NetName=NetC2_2 Pin=C2-2
Added Pin To Net: NetName=NetC2_2 Pin=R1-2
Added Pin To Net: NetName=NetC2_2 Pin=U1-109
Added Net: Name=NetC2_2
Added Pin To Net: NetName=NetR3_1 Pin=R3-1
Added Pin To Net: NetName=NetR3_1 Pin=U1-108
Added Net: Name=NetR3_1
Added Pin To Net: NetName=NetR4_1 Pin=R4-1
Added Pin To Net: NetName=NetR4_1 Pin=U1-36
Added Net: Name=NetR4_1
Added Pin To Net: NetName=VCC_1V2 Pin=C3-2
Added Pin To Net: NetName=VCC_1V2 Pin=C4-2
Added Pin To Net: NetName=VCC_1V2 Pin=C5-2
Added Pin To Net: NetName=VCC_1V2 Pin=C6-2
Added Pin To Net: NetName=VCC_1V2 Pin=C7-2
Added Pin To Net: NetName=VCC_1V2 Pin=C8-2
Added Pin To Net: NetName=VCC_1V2 Pin=C9-2
Added Pin To Net: NetName=VCC_1V2 Pin=C10-2
Added Pin To Net: NetName=VCC_1V2 Pin=R1-1
Added Pin To Net: NetName=VCC_1V2 Pin=R2-1
Added Pin To Net: NetName=VCC_1V2 Pin=U1-5
Added Pin To Net: NetName=VCC_1V2 Pin=U1-29
Added Pin To Net: NetName=VCC_1V2 Pin=U1-45
Added Pin To Net: NetName=VCC_1V2 Pin=U1-61
Added Pin To Net: NetName=VCC_1V2 Pin=U1-78
Added Pin To Net: NetName=VCC_1V2 Pin=U1-102
Added Pin To Net: NetName=VCC_1V2 Pin=U1-116
Added Pin To Net: NetName=VCC_1V2 Pin=U1-134
Added Net: Name=VCC_1V2
Added Pin To Net: NetName=VCC_2V5 Pin=U1-35
Added Pin To Net: NetName=VCC_2V5 Pin=U1-107
Added Net: Name=VCC_2V5
Added Pin To Net: NetName=VCC_3V3 Pin=C11-2
Added Pin To Net: NetName=VCC_3V3 Pin=C12-2
Added Pin To Net: NetName=VCC_3V3 Pin=C13-2
Added Pin To Net: NetName=VCC_3V3 Pin=C14-2
Added Pin To Net: NetName=VCC_3V3 Pin=C15-2
Added Pin To Net: NetName=VCC_3V3 Pin=C16-2
Added Pin To Net: NetName=VCC_3V3 Pin=C17-2
Added Pin To Net: NetName=VCC_3V3 Pin=C18-2
Added Pin To Net: NetName=VCC_3V3 Pin=C19-2
Added Pin To Net: NetName=VCC_3V3 Pin=C20-2
Added Pin To Net: NetName=VCC_3V3 Pin=C21-2
Added Pin To Net: NetName=VCC_3V3 Pin=C22-2
Added Pin To Net: NetName=VCC_3V3 Pin=U1-17
Added Pin To Net: NetName=VCC_3V3 Pin=U1-26
Added Pin To Net: NetName=VCC_3V3 Pin=U1-40
Added Pin To Net: NetName=VCC_3V3 Pin=U1-47
Added Pin To Net: NetName=VCC_3V3 Pin=U1-56
Added Pin To Net: NetName=VCC_3V3 Pin=U1-62
Added Pin To Net: NetName=VCC_3V3 Pin=U1-81
Added Pin To Net: NetName=VCC_3V3 Pin=U1-93
Added Pin To Net: NetName=VCC_3V3 Pin=U1-117
Added Pin To Net: NetName=VCC_3V3 Pin=U1-122
Added Pin To Net: NetName=VCC_3V3 Pin=U1-130
Added Pin To Net: NetName=VCC_3V3 Pin=U1-139
Added Net: Name=VCC_3V3
Added Class: Name=DDR
Added Class: Name=EP4CE6E22C8N
Added Class: Name=Power
