Removed Member From Class: ClassName=Power Member=R21
Removed Member From Class: ClassName=Peripheral Member=R53
Change Component Footprint: Designator=D2 Old Footprint=SMA New Footprint=SMC
Add Differential Pair: Number of nets in differential pair 84 is 1 instead of 2
Add Differential Pair: Number of nets in differential pair 85 is 1 instead of 2
Add Differential Pair: Number of nets in differential pair 86 is 1 instead of 2
Add Differential Pair: Number of nets in differential pair 87 is 1 instead of 2
Add Differential Pair: Number of nets in differential pair 98 is 1 instead of 2
Add Differential Pair: Number of nets in differential pair 99 is 1 instead of 2
Add Differential Pair: Number of nets in differential pair 101 is 1 instead of 2
Add Differential Pair: Number of nets in differential pair 103 is 1 instead of 2
Added Member To Class: ClassName=Peripheral Member=Component C45 0.1uF
Added Member To Class: ClassName=Power Member=Component R18 120R
Added Member To Class: ClassName=Power Member=Component R19 10K
Added Member To Class: ClassName=DDR_HDMI Member=Component R20 10K
Added Member To Class: ClassName=DDR_HDMI Member=Component R22 0R
Added Member To Class: ClassName=DDR_HDMI Member=Component R24 0R
Added Member To Class: ClassName=DDR_HDMI Member=Component R26 0R
Added Member To Class: ClassName=DDR_HDMI Member=Component R28 0R
Added Member To Class: ClassName=DDR_HDMI Member=Component R29 20K
Added Member To Class: ClassName=DDR_HDMI Member=Component R30 20K
Added Member To Class: ClassName=DDR_HDMI Member=Component R32 10K
Added Member To Class: ClassName=DDR_HDMI Member=Component R33 2.2K
Added Member To Class: ClassName=DDR_HDMI Member=Component R35 10K
Added Member To Class: ClassName=Peripheral Member=Component R37 1K
Added Member To Class: ClassName=Peripheral Member=Component R38 1K
Added Member To Class: ClassName=Peripheral Member=Component R39 1K
Added Member To Class: ClassName=Peripheral Member=Component R42 10K
Added Member To Class: ClassName=Peripheral Member=Component R43 10K
Added Member To Class: ClassName=Peripheral Member=Component R44 10K
Added Member To Class: ClassName=Peripheral Member=Component R47 10R
Added Member To Class: ClassName=Peripheral Member=Component R48 220R
Added Member To Class: ClassName=Peripheral Member=Component R50 10K
Added Member To Class: ClassName=USB_Blaster Member=Component R51 1K
Added Member To Class: ClassName=USB_Blaster Member=Component R52 10K
Added Member To Class: ClassName=USB_Blaster Member=Component R54 10K
Added Member To Class: ClassName=USB_Blaster Member=Component R55 220R
Added Member To Class: ClassName=USB_Blaster Member=Component R56 100K
Added Member To Class: ClassName=USB_Blaster Member=Component R57 220R
Added Member To Class: ClassName=USB_Blaster Member=Component R59 220R
Added Member To Class: ClassName=USB_Blaster Member=Component R60 220R
Added Member To Class: ClassName=USB_Blaster Member=Component R61 1K
Added Member To Class: ClassName=USB_Blaster Member=Component R63 220R
Added Member To Class: ClassName=USB_Blaster Member=Component R64 220R
Added Member To Class: ClassName=USB_Blaster Member=Component R66 100K
