Removed Pin From Net: NetName=RC3 Pin=R57-1
Removed Pin From Net: NetName=OE Pin=U12-1
Removed Pin From Net: NetName=_TDI Pin=U12-2
Removed Pin From Net: NetName=JTAG_TDI Pin=U12-3
Removed Pin From Net: NetName=OE Pin=U12-4
Removed Pin From Net: NetName=GND Pin=U12-7
Removed Pin From Net: NetName=OE Pin=U12-10
Removed Pin From Net: NetName=OE Pin=U12-13
Removed Pin From Net: NetName=VCC_2V5 Pin=U12-14
Removed Pin From Net: NetName=GND Pin=U13-4
Removed Member From Class: ClassName=USB_Blaster Member=R52
Removed Member From Class: ClassName=USB_Blaster Member=U12
Added Pin To Net: NetName=_TCK Pin=R50-2
Added Pin To Net: NetName=_TCK Pin=R51-1
Added Pin To Net: NetName=_TCK Pin=R53-2
Added Pin To Net: NetName=OE Pin=U13-4
Added Pin To Net: NetName=_TDI Pin=U13-5
Added Pin To Net: NetName=JTAG_TDI Pin=U13-6
Added Pin To Net: NetName=_TCK Pin=U13-9
Added Pin To Net: NetName=_TCK Pin=U13-11
Added Member To Class: ClassName=USB_Blaster Member=Component R44 1K
Added Member To Class: ClassName=USB_Blaster Member=Component R45 10K
Added Member To Class: ClassName=USB_Blaster Member=Component R46 10K
Added Member To Class: ClassName=USB_Blaster Member=Component R47 10K
Added Member To Class: ClassName=USB_Blaster Member=Component R49 100K
Added Member To Class: ClassName=USB_Blaster Member=Component R50 22R
Added Member To Class: ClassName=USB_Blaster Member=Component R51 100K
Added Member To Class: ClassName=USB_Blaster Member=Component R53 22R
Added Member To Class: ClassName=USB_Blaster Member=Component R55 22R
Added Member To Class: ClassName=USB_Blaster Member=Component R58 1K
Added Member To Class: ClassName=USB_Blaster Member=Component R59 22R
Added Member To Class: ClassName=USB_Blaster Member=Component U13 74LVC125A
