Removed Member From Class: ClassName=Power Member=USB?
Added Component: Designator=C?(CASE-A_3216)
Add component (AddParameter): Name = "ComponentLink1Description"; Value = "供应商链接"; VariantName = "[No Variations]"
Add component (AddParameter): Name = "ComponentLink1URL"; Value = "http://www.szlcsc.com/product/details_16815.html"; VariantName = "[No Variations]"
Add component (AddParameter): Name = "Notepad"; Value = ""; VariantName = "[No Variations]"
Add component (AddParameter): Name = "Package"; Value = "3528"; VariantName = "[No Variations]"
Add component (AddParameter): Name = "Supplier"; Value = "LC"; VariantName = "[No Variations]"
Add component (AddParameter): Name = "SuppliersPartNumber"; Value = "C16133"; VariantName = "[No Variations]"
Added Component: Designator=C?(CASE-A_3216)
Add component (AddParameter): Name = "ComponentLink1Description"; Value = "供应商链接"; VariantName = "[No Variations]"
Add component (AddParameter): Name = "ComponentLink1URL"; Value = "http://www.szlcsc.com/product/details_16815.html"; VariantName = "[No Variations]"
Add component (AddParameter): Name = "Notepad"; Value = ""; VariantName = "[No Variations]"
Add component (AddParameter): Name = "Package"; Value = "3528"; VariantName = "[No Variations]"
Add component (AddParameter): Name = "Supplier"; Value = "LC"; VariantName = "[No Variations]"
Add component (AddParameter): Name = "SuppliersPartNumber"; Value = "C16133"; VariantName = "[No Variations]"
Added Component: Designator=L?(NR3015)
Added Component: Designator=U?(SC-70-6_L2.2-W1.3-P0.65-LS2.2-BR)
Added Component: Designator=U?(SC-70-6_L2.2-W1.3-P0.65-LS2.2-BR)
Added Member To Class: ClassName=DDR Member=Component C? 0.1uF
Added Member To Class: ClassName=DDR Member=Component C? 0.1uF
Added Member To Class: ClassName=DDR Member=Component C? 0.1uF
Added Member To Class: ClassName=DDR Member=Component C? 0.1uF
Added Member To Class: ClassName=DDR Member=Component C? 0.1uF
Added Member To Class: ClassName=DDR Member=Component C? 0.1uF
Added Member To Class: ClassName=Power Member=Component C? 22uF
Added Member To Class: ClassName=Power Member=Component C? 22uF
Added Member To Class: ClassName=Power Member=Component L? 2.2uH
Added Member To Class: ClassName=EP4CE6E22C8N Member=Component RESET? 3x6x5
Added Member To Class: ClassName=EP4CE6E22C8N Member=Component RESET? 3x6x5
Added Member To Class: ClassName=Power Member=Component U? SGM3157
Added Member To Class: ClassName=Power Member=Component U? SGM3157
Added Member To Class: ClassName=Power Member=Component V? AMS1117-2V5
