Removed Pin From Net: NetName=TCK Pin=R53-1
Removed Pin From Net: NetName=TCK Pin=U11-11
Change Component Footprint: Designator=D2 Old Footprint=SMA New Footprint=SMC
Change Component Designator: OldDesignator=R44 NewDesignator=R47
Change Component Designator: OldDesignator=R45 NewDesignator=R48
Change Component Designator: OldDesignator=R46 NewDesignator=R49
Change Component Designator: OldDesignator=R47 NewDesignator=R50
Change Component Designator: OldDesignator=R48 NewDesignator=R51
Change Component Designator: OldDesignator=R49 NewDesignator=R52
Change Component Designator: OldDesignator=R50 NewDesignator=R53
Change Component Designator: OldDesignator=R51 NewDesignator=R54
Change Component Designator: OldDesignator=R52 NewDesignator=R61
Change Component Designator: OldDesignator=R54 NewDesignator=R57
Change Component Designator: OldDesignator=R55 NewDesignator=R59
Change Component Designator: OldDesignator=R56 NewDesignator=R60
Change Component Designator: OldDesignator=R57 NewDesignator=R62
Change Component Designator: OldDesignator=R58 NewDesignator=R56
Change Component Designator: OldDesignator=R59 NewDesignator=R58
Change Component Designator: OldDesignator=U12 NewDesignator=U13
Change Component Designator: OldDesignator=U13 NewDesignator=U12
Added Component: Designator=R44(0402_R)
Add component (AddParameter): Name = "ComponentLink1Description"; Value = "供应商链接"; VariantName = "[No Variations]"
Add component (AddParameter): Name = "ComponentLink1URL"; Value = "http://www.szlcsc.com/product/details_26667.html"; VariantName = "[No Variations]"
Add component (AddParameter): Name = "Notepad"; Value = ""; VariantName = "[No Variations]"
Add component (AddParameter): Name = "Package"; Value = "0402"; VariantName = "[No Variations]"
Add component (AddParameter): Name = "Supplier"; Value = "LC"; VariantName = "[No Variations]"
Add component (AddParameter): Name = "SuppliersPartNumber"; Value = "C25924"; VariantName = "[No Variations]"
Added Component: Designator=R45(0402_R)
Add component (AddParameter): Name = "ComponentLink1Description"; Value = "供应商链接"; VariantName = "[No Variations]"
Add component (AddParameter): Name = "ComponentLink1URL"; Value = "http://www.szlcsc.com/product/details_26667.html"; VariantName = "[No Variations]"
Add component (AddParameter): Name = "Notepad"; Value = ""; VariantName = "[No Variations]"
Add component (AddParameter): Name = "Package"; Value = "0402"; VariantName = "[No Variations]"
Add component (AddParameter): Name = "Supplier"; Value = "LC"; VariantName = "[No Variations]"
Add component (AddParameter): Name = "SuppliersPartNumber"; Value = "C25924"; VariantName = "[No Variations]"
Added Component: Designator=R46(0402_R)
Add component (AddParameter): Name = "ComponentLink1Description"; Value = "供应商链接"; VariantName = "[No Variations]"
Add component (AddParameter): Name = "ComponentLink1URL"; Value = "http://www.szlcsc.com/product/details_26667.html"; VariantName = "[No Variations]"
Add component (AddParameter): Name = "Notepad"; Value = ""; VariantName = "[No Variations]"
Add component (AddParameter): Name = "Package"; Value = "0402"; VariantName = "[No Variations]"
Add component (AddParameter): Name = "Supplier"; Value = "LC"; VariantName = "[No Variations]"
Add component (AddParameter): Name = "SuppliersPartNumber"; Value = "C25924"; VariantName = "[No Variations]"
Added Component: Designator=R55(0402_R)
Add component (AddParameter): Name = "ComponentLink1Description"; Value = "供应商链接"; VariantName = "[No Variations]"
Add component (AddParameter): Name = "ComponentLink1URL"; Value = "http://www.szlcsc.com/product/details_26667.html"; VariantName = "[No Variations]"
Add component (AddParameter): Name = "Notepad"; Value = ""; VariantName = "[No Variations]"
Add component (AddParameter): Name = "Package"; Value = "0402"; VariantName = "[No Variations]"
Add component (AddParameter): Name = "Supplier"; Value = "LC"; VariantName = "[No Variations]"
Add component (AddParameter): Name = "SuppliersPartNumber"; Value = "C25924"; VariantName = "[No Variations]"
Added Pin To Net: NetName=JTAG_TCK Pin=R44-1
Added Pin To Net: NetName=GND Pin=R44-2
Added Pin To Net: NetName=JTAG_TMS Pin=R45-1
Added Pin To Net: NetName=VCC_2V5 Pin=R45-2
Added Pin To Net: NetName=JTAG_TDI Pin=R46-1
Added Pin To Net: NetName=VCC_2V5 Pin=R46-2
Added Pin To Net: NetName=_TCK Pin=R55-2
Added Pin To Net: NetName=_TCK Pin=U13-2
Change Net Name : Old Net Name=NetR44_2 New Net Name=NetR47_2
Change Net Name : Old Net Name=NetR45_1 New Net Name=NetR48_1
Change Net Name : Old Net Name=NetR47_1 New Net Name=NetR50_1
Change Net Name : Old Net Name=NetR49_1 New Net Name=NetR52_1
Change Net Name : Old Net Name=NetR50_1 New Net Name=NetR53_1
Change Net Name : Old Net Name=NetR51_1 New Net Name=NetR54_1
Change Net Name : Old Net Name=PB7 New Net Name=RB7
Added Pin To Net: NetName=NetR55_1 Pin=R55-1
Added Pin To Net: NetName=NetR55_1 Pin=U11-11
Added Net: Name=NetR55_1
Added Member To Class: ClassName=DDR_HDMI Member=Component Q1 AO3400A
Added Member To Class: ClassName=DDR_HDMI Member=Component R29 2.2K
Added Member To Class: ClassName=DDR_HDMI Member=Component R33 10K
Added Member To Class: ClassName=DDR_HDMI Member=Component R34 2.2K
Added Member To Class: ClassName=USB_Blaster Member=Component R60 22R
Added Member To Class: ClassName=USB_Blaster Member=Component R61 22R
Added Member To Class: ClassName=USB_Blaster Member=Component R62 100K
Added Member To Class: ClassName=Peripheral Member=Component U9 AT24C02
