Added Component: Designator=C?(0402_C)
Add component (AddParameter): Name = "ComponentLink1Description"; Value = "供应商链接"; VariantName = "[No Variations]"
Add component (AddParameter): Name = "ComponentLink1URL"; Value = "http://www.szlcsc.com/product/details_1928.html"; VariantName = "[No Variations]"
Add component (AddParameter): Name = "Notepad"; Value = ""; VariantName = "[No Variations]"
Add component (AddParameter): Name = "Package"; Value = "0402"; VariantName = "[No Variations]"
Add component (AddParameter): Name = "Supplier"; Value = "LC"; VariantName = "[No Variations]"
Add component (AddParameter): Name = "SuppliersPartNumber"; Value = "C1576"; VariantName = "[No Variations]"
Added Component: Designator=C?(0402_C)
Add component (AddParameter): Name = "ComponentLink1Description"; Value = "供应商链接"; VariantName = "[No Variations]"
Add component (AddParameter): Name = "ComponentLink1URL"; Value = "http://www.szlcsc.com/product/details_1928.html"; VariantName = "[No Variations]"
Add component (AddParameter): Name = "Notepad"; Value = ""; VariantName = "[No Variations]"
Add component (AddParameter): Name = "Package"; Value = "0402"; VariantName = "[No Variations]"
Add component (AddParameter): Name = "Supplier"; Value = "LC"; VariantName = "[No Variations]"
Add component (AddParameter): Name = "SuppliersPartNumber"; Value = "C1576"; VariantName = "[No Variations]"
Added Component: Designator=C?(0402_C)
Add component (AddParameter): Name = "ComponentLink1Description"; Value = "供应商链接"; VariantName = "[No Variations]"
Add component (AddParameter): Name = "ComponentLink1URL"; Value = "http://www.szlcsc.com/product/details_1928.html"; VariantName = "[No Variations]"
Add component (AddParameter): Name = "Notepad"; Value = ""; VariantName = "[No Variations]"
Add component (AddParameter): Name = "Package"; Value = "0402"; VariantName = "[No Variations]"
Add component (AddParameter): Name = "Supplier"; Value = "LC"; VariantName = "[No Variations]"
Add component (AddParameter): Name = "SuppliersPartNumber"; Value = "C1576"; VariantName = "[No Variations]"
Added Component: Designator=C?(0402_C)
Add component (AddParameter): Name = "ComponentLink1Description"; Value = "供应商链接"; VariantName = "[No Variations]"
Add component (AddParameter): Name = "ComponentLink1URL"; Value = "http://www.szlcsc.com/product/details_1928.html"; VariantName = "[No Variations]"
Add component (AddParameter): Name = "Notepad"; Value = ""; VariantName = "[No Variations]"
Add component (AddParameter): Name = "Package"; Value = "0402"; VariantName = "[No Variations]"
Add component (AddParameter): Name = "Supplier"; Value = "LC"; VariantName = "[No Variations]"
Add component (AddParameter): Name = "SuppliersPartNumber"; Value = "C1576"; VariantName = "[No Variations]"
Added Component: Designator=R?(0402_R)
Add component (AddParameter): Name = "ComponentLink1Description"; Value = "供应商链接"; VariantName = "[No Variations]"
Add component (AddParameter): Name = "ComponentLink1URL"; Value = "http://www.szlcsc.com/product/details_26667.html"; VariantName = "[No Variations]"
Add component (AddParameter): Name = "Notepad"; Value = ""; VariantName = "[No Variations]"
Add component (AddParameter): Name = "Package"; Value = "0402"; VariantName = "[No Variations]"
Add component (AddParameter): Name = "Supplier"; Value = "LC"; VariantName = "[No Variations]"
Add component (AddParameter): Name = "SuppliersPartNumber"; Value = "C25924"; VariantName = "[No Variations]"
Added Component: Designator=X?(OSC 3225-4P)
Add component (AddParameter): Name = "BOM名称"; Value = "4脚无源晶振"; VariantName = "[No Variations]"
Add component (AddParameter): Name = "学习资源"; Value = "www.ooocke.com"; VariantName = "[No Variations]"
Add component (AddParameter): Name = "版权归属"; Value = "源创客"; VariantName = "[No Variations]"
Added Pin To Net: NetName=GND Pin=C?-1
Added Pin To Net: NetName=GND Pin=C?-1
Added Pin To Net: NetName=GND Pin=C?-1
Added Pin To Net: NetName=VCC_3V3 Pin=C?-1
Added Pin To Net: NetName=GND Pin=C?-2
Added Pin To Net: NetName=VCC_3V3 Pin=R?-1
Added Pin To Net: NetName=VCC_3V3 Pin=U?-1
Added Pin To Net: NetName=GND Pin=U?-20
Added Pin To Net: NetName=GND Pin=X?-2
Added Pin To Net: NetName=GND Pin=X?-4
Added Pin To Net: NetName=NetC?_2 Pin=C?-2
Added Pin To Net: NetName=NetC?_2 Pin=U?-17
Added Net: Name=NetC?_2
Added Pin To Net: NetName=NetR?_2 Pin=R?-2
Added Pin To Net: NetName=NetR?_2 Pin=U?-4
Added Net: Name=NetR?_2
Added Pin To Net: NetName=OSC1 Pin=C?-2
Added Pin To Net: NetName=OSC1 Pin=U?-2
Added Pin To Net: NetName=OSC1 Pin=X?-1
Added Net: Name=OSC1
Added Pin To Net: NetName=OSC2 Pin=C?-2
Added Pin To Net: NetName=OSC2 Pin=U?-3
Added Pin To Net: NetName=OSC2 Pin=X?-3
Added Net: Name=OSC2
Added Pin To Net: NetName=PIC_USB_DN Pin=U?-18
Added Net: Name=PIC_USB_DN
Added Pin To Net: NetName=PIC_USB_DP Pin=U?-19
Added Net: Name=PIC_USB_DP
Added Member To Class: ClassName=Peripheral Member=Component C? 0.1uF
Added Member To Class: ClassName=Peripheral Member=Component C? 0.1uF
Added Member To Class: ClassName=USB_Blaster Member=Component C? 20pF
Added Member To Class: ClassName=USB_Blaster Member=Component C? 0.1uF
Added Member To Class: ClassName=USB_Blaster Member=Component C? 20pF
Added Member To Class: ClassName=USB_Blaster Member=Component C? 0.1uF
Added Member To Class: ClassName=Peripheral Member=Component R? 220R
Added Member To Class: ClassName=Peripheral Member=Component R? 4.7K
Added Member To Class: ClassName=Peripheral Member=Component R? 220R
Added Member To Class: ClassName=Peripheral Member=Component R? 220R
Added Member To Class: ClassName=Peripheral Member=Component R? 10K
Added Member To Class: ClassName=Peripheral Member=Component R? 10K
Added Member To Class: ClassName=Peripheral Member=Component R? 10K
Added Member To Class: ClassName=Peripheral Member=Component R? 10K
Added Member To Class: ClassName=USB_Blaster Member=Component R? 10K
Added Member To Class: ClassName=USB_Blaster Member=Component U? 74LVC125A
Added Member To Class: ClassName=USB_Blaster Member=Component U? PIC18F14K50-I/SS
Added Member To Class: ClassName=USB_Blaster Member=Component X? 12M
