Added Component: Designator=ACK(LED 0603G)
Add component (AddParameter): Name = "BOM名称"; Value = "贴片LED"; VariantName = "[No Variations]"
Add component (AddParameter): Name = "学习资源"; Value = "www.ooocke.com"; VariantName = "[No Variations]"
Add component (AddParameter): Name = "版权归属"; Value = "源创客"; VariantName = "[No Variations]"
Added Component: Designator=PWR(LED 0603G)
Add component (AddParameter): Name = "BOM名称"; Value = "贴片LED"; VariantName = "[No Variations]"
Add component (AddParameter): Name = "学习资源"; Value = "www.ooocke.com"; VariantName = "[No Variations]"
Add component (AddParameter): Name = "版权归属"; Value = "源创客"; VariantName = "[No Variations]"
Added Component: Designator=R?(0402_R)
Add component (AddParameter): Name = "ComponentLink1Description"; Value = "供应商链接"; VariantName = "[No Variations]"
Add component (AddParameter): Name = "ComponentLink1URL"; Value = "http://www.szlcsc.com/product/details_26667.html"; VariantName = "[No Variations]"
Add component (AddParameter): Name = "Notepad"; Value = ""; VariantName = "[No Variations]"
Add component (AddParameter): Name = "Package"; Value = "0402"; VariantName = "[No Variations]"
Add component (AddParameter): Name = "Supplier"; Value = "LC"; VariantName = "[No Variations]"
Add component (AddParameter): Name = "SuppliersPartNumber"; Value = "C25924"; VariantName = "[No Variations]"
Added Component: Designator=R?(0402_R)
Add component (AddParameter): Name = "ComponentLink1Description"; Value = "供应商链接"; VariantName = "[No Variations]"
Add component (AddParameter): Name = "ComponentLink1URL"; Value = "http://www.szlcsc.com/product/details_26667.html"; VariantName = "[No Variations]"
Add component (AddParameter): Name = "Notepad"; Value = ""; VariantName = "[No Variations]"
Add component (AddParameter): Name = "Package"; Value = "0402"; VariantName = "[No Variations]"
Add component (AddParameter): Name = "Supplier"; Value = "LC"; VariantName = "[No Variations]"
Add component (AddParameter): Name = "SuppliersPartNumber"; Value = "C25924"; VariantName = "[No Variations]"
Added Component: Designator=Rp?(0402_Rx4)
Add component (AddParameter): Name = "ComponentLink1Description"; Value = "供应商链接"; VariantName = "[No Variations]"
Add component (AddParameter): Name = "ComponentLink1URL"; Value = "http://www.szlcsc.com/product/details_26469.html"; VariantName = "[No Variations]"
Add component (AddParameter): Name = "Notepad"; Value = ""; VariantName = "[No Variations]"
Add component (AddParameter): Name = "Package"; Value = "0402*4"; VariantName = "[No Variations]"
Add component (AddParameter): Name = "Supplier"; Value = "LC"; VariantName = "[No Variations]"
Add component (AddParameter): Name = "SuppliersPartNumber"; Value = "C25726"; VariantName = "[No Variations]"
Added Component: Designator=Rp?(0402_Rx4)
Add component (AddParameter): Name = "ComponentLink1Description"; Value = "供应商链接"; VariantName = "[No Variations]"
Add component (AddParameter): Name = "ComponentLink1URL"; Value = "http://www.szlcsc.com/product/details_26469.html"; VariantName = "[No Variations]"
Add component (AddParameter): Name = "Notepad"; Value = ""; VariantName = "[No Variations]"
Add component (AddParameter): Name = "Package"; Value = "0402*4"; VariantName = "[No Variations]"
Add component (AddParameter): Name = "Supplier"; Value = "LC"; VariantName = "[No Variations]"
Add component (AddParameter): Name = "SuppliersPartNumber"; Value = "C25726"; VariantName = "[No Variations]"
Added Pin To Net: NetName=GND Pin=ACK-2
Added Pin To Net: NetName=GND Pin=PWR-2
Added Pin To Net: NetName=GND Pin=U?-7
Added Pin To Net: NetName=GND Pin=U?-7
Added Pin To Net: NetName=VCC_2V5 Pin=U?-14
Added Pin To Net: NetName=VCC_2V5 Pin=U?-14
Added Pin To Net: NetName=ACK Pin=R?-2
Added Pin To Net: NetName=ACK Pin=U?-5
Added Net: Name=ACK
Added Pin To Net: NetName=NetACK_1 Pin=ACK-1
Added Pin To Net: NetName=NetACK_1 Pin=R?-1
Added Net: Name=NetACK_1
Added Pin To Net: NetName=NetPWR_1 Pin=PWR-1
Added Pin To Net: NetName=NetPWR_1 Pin=R?-1
Added Net: Name=NetPWR_1
Added Pin To Net: NetName=PWR Pin=R?-2
Added Net: Name=PWR
Added Member To Class: ClassName=USB_Blaster Member=Component ACK 红色
Added Member To Class: ClassName=Peripheral Member=Component C? 0.1uF
Added Member To Class: ClassName=Peripheral Member=Component C? 0.1uF
Added Member To Class: ClassName=USB_Blaster Member=Component C? 20pF
Added Member To Class: ClassName=USB_Blaster Member=Component C? 20pF
Added Member To Class: ClassName=USB_Blaster Member=Component C? 0.1uF
Added Member To Class: ClassName=USB_Blaster Member=Component PWR 红色
Added Member To Class: ClassName=Peripheral Member=Component R? 10K
Added Member To Class: ClassName=Peripheral Member=Component R? 10K
Added Member To Class: ClassName=Peripheral Member=Component R? 220R
Added Member To Class: ClassName=Peripheral Member=Component R? 10K
Added Member To Class: ClassName=Peripheral Member=Component R? 10K
Added Member To Class: ClassName=Peripheral Member=Component R? 4.7K
Added Member To Class: ClassName=Peripheral Member=Component R? 220R
Added Member To Class: ClassName=Peripheral Member=Component R? 220R
Added Member To Class: ClassName=USB_Blaster Member=Component R? 1K
Added Member To Class: ClassName=USB_Blaster Member=Component R? 1K
Added Member To Class: ClassName=USB_Blaster Member=Component Rp? 1KΩ (102) ±5%
Added Member To Class: ClassName=USB_Blaster Member=Component Rp? 1KΩ (102) ±5%
Added Member To Class: ClassName=USB_Blaster Member=Component U? PIC18F14K50-I/SS
Added Member To Class: ClassName=USB_Blaster Member=Component U? 74LVC125A
