Change Component DesignItemId : Designator=PWR Old DesignItemId=0603_LED_G New DesignItemId=0603_LED_R
Change Component Footprint: Designator=PWR Old Footprint=LED 0603G New Footprint=LED 0603R
Added Member To Class: ClassName=Peripheral Member=Component C? 0.1uF
Added Member To Class: ClassName=Peripheral Member=Component C? 0.1uF
Added Member To Class: ClassName=USB_Blaster Member=Component C? 20pF
Added Member To Class: ClassName=USB_Blaster Member=Component C? 20pF
Added Member To Class: ClassName=USB_Blaster Member=Component C? 0.1uF
Added Member To Class: ClassName=Peripheral Member=Component R? 4.7K
Added Member To Class: ClassName=Peripheral Member=Component R? 220R
Added Member To Class: ClassName=Peripheral Member=Component R? 10K
Added Member To Class: ClassName=Peripheral Member=Component R? 10K
Added Member To Class: ClassName=Peripheral Member=Component R? 10K
Added Member To Class: ClassName=Peripheral Member=Component R? 10K
Added Member To Class: ClassName=Peripheral Member=Component R? 220R
Added Member To Class: ClassName=Peripheral Member=Component R? 220R
Added Member To Class: ClassName=USB_Blaster Member=Component R? 10K
Added Member To Class: ClassName=USB_Blaster Member=Component R? 1K
Added Member To Class: ClassName=USB_Blaster Member=Component Rp? 1K¦¸ (102) ¡À5%
Added Member To Class: ClassName=USB_Blaster Member=Component U? 74LVC125A
Added Member To Class: ClassName=USB_Blaster Member=Component U? PIC18F14K50-I/SS
